<?xml version="1.0" encoding="UTF-8"?>
<coverage generated="1567121213304" clover="3.2.0">
  <project timestamp="1567121213304" name="All files">
    <metrics statements="15" coveredstatements="15" conditionals="0" coveredconditionals="0" methods="15" coveredmethods="15" elements="30" coveredelements="30" complexity="0" loc="15" ncloc="15" packages="1" files="4" classes="4"/>
    <file name="calendarActions.js" path="/Users/Jason/hrsf/bookings_module/client/actions/calendarActions.js">
      <metrics statements="4" coveredstatements="4" conditionals="0" coveredconditionals="0" methods="4" coveredmethods="4"/>
      <line num="1" count="1" type="stmt"/>
      <line num="6" count="1" type="stmt"/>
      <line num="11" count="1" type="stmt"/>
      <line num="16" count="1" type="stmt"/>
    </file>
    <file name="guestsInfoActions.js" path="/Users/Jason/hrsf/bookings_module/client/actions/guestsInfoActions.js">
      <metrics statements="6" coveredstatements="6" conditionals="0" coveredconditionals="0" methods="6" coveredmethods="6"/>
      <line num="1" count="1" type="stmt"/>
      <line num="5" count="1" type="stmt"/>
      <line num="9" count="1" type="stmt"/>
      <line num="13" count="1" type="stmt"/>
      <line num="17" count="1" type="stmt"/>
      <line num="21" count="1" type="stmt"/>
    </file>
    <file name="popupCalendarActions.js" path="/Users/Jason/hrsf/bookings_module/client/actions/popupCalendarActions.js">
      <metrics statements="3" coveredstatements="3" conditionals="0" coveredconditionals="0" methods="3" coveredmethods="3"/>
      <line num="1" count="1" type="stmt"/>
      <line num="5" count="1" type="stmt"/>
      <line num="9" count="1" type="stmt"/>
    </file>
    <file name="popupGuestsActions.js" path="/Users/Jason/hrsf/bookings_module/client/actions/popupGuestsActions.js">
      <metrics statements="2" coveredstatements="2" conditionals="0" coveredconditionals="0" methods="2" coveredmethods="2"/>
      <line num="1" count="1" type="stmt"/>
      <line num="5" count="1" type="stmt"/>
    </file>
  </project>
</coverage>
