{"/Users/Jason/hrsf/bookings_module/client/components/app.js": {"path":"/Users/Jason/hrsf/bookings_module/client/components/app.js","statementMap":{"0":{"start":{"line":9,"column":4},"end":{"line":9,"column":17}},"1":{"start":{"line":10,"column":4},"end":{"line":10,"column":31}},"2":{"start":{"line":14,"column":22},"end":{"line":14,"column":32}},"3":{"start":{"line":15,"column":4},"end":{"line":37,"column":6}}},"fnMap":{"0":{"name":"(anonymous_0)","decl":{"start":{"line":8,"column":2},"end":{"line":8,"column":3}},"loc":{"start":{"line":8,"column":21},"end":{"line":11,"column":3}},"line":8},"1":{"name":"(anonymous_1)","decl":{"start":{"line":13,"column":2},"end":{"line":13,"column":3}},"loc":{"start":{"line":13,"column":11},"end":{"line":38,"column":3}},"line":13}},"branchMap":{},"s":{"0":2,"1":2,"2":2,"3":2},"f":{"0":2,"1":2},"b":{},"_coverageSchema":"43e27e138ebf9cfc5966b082cf9a028302ed4184","hash":"56babd5bf95d39d57f23744aec1fd9f8b024da35"}
,"/Users/Jason/hrsf/bookings_module/client/components/calendar.js": {"path":"/Users/Jason/hrsf/bookings_module/client/components/calendar.js","statementMap":{"0":{"start":{"line":8,"column":4},"end":{"line":8,"column":17}},"1":{"start":{"line":9,"column":4},"end":{"line":12,"column":6}},"2":{"start":{"line":13,"column":4},"end":{"line":23,"column":6}},"3":{"start":{"line":24,"column":4},"end":{"line":24,"column":41}},"4":{"start":{"line":25,"column":4},"end":{"line":25,"column":49}},"5":{"start":{"line":26,"column":4},"end":{"line":26,"column":51}},"6":{"start":{"line":30,"column":4},"end":{"line":37,"column":7}},"7":{"start":{"line":31,"column":6},"end":{"line":36,"column":9}},"8":{"start":{"line":41,"column":29},"end":{"line":41,"column":39}},"9":{"start":{"line":42,"column":4},"end":{"line":49,"column":5}},"10":{"start":{"line":43,"column":6},"end":{"line":43,"column":33}},"11":{"start":{"line":44,"column":6},"end":{"line":44,"column":33}},"12":{"start":{"line":45,"column":6},"end":{"line":45,"column":25}},"13":{"start":{"line":47,"column":6},"end":{"line":47,"column":34}},"14":{"start":{"line":48,"column":6},"end":{"line":48,"column":25}},"15":{"start":{"line":53,"column":29},"end":{"line":53,"column":39}},"16":{"start":{"line":54,"column":4},"end":{"line":61,"column":5}},"17":{"start":{"line":55,"column":6},"end":{"line":55,"column":34}},"18":{"start":{"line":56,"column":6},"end":{"line":56,"column":33}},"19":{"start":{"line":57,"column":6},"end":{"line":57,"column":25}},"20":{"start":{"line":59,"column":6},"end":{"line":59,"column":34}},"21":{"start":{"line":60,"column":6},"end":{"line":60,"column":25}},"22":{"start":{"line":65,"column":4},"end":{"line":70,"column":7}},"23":{"start":{"line":77,"column":8},"end":{"line":77,"column":18}},"24":{"start":{"line":78,"column":23},"end":{"line":78,"column":65}},"25":{"start":{"line":79,"column":19},"end":{"line":79,"column":21}},"26":{"start":{"line":83,"column":4},"end":{"line":85,"column":5}},"27":{"start":{"line":83,"column":17},"end":{"line":83,"column":18}},"28":{"start":{"line":84,"column":6},"end":{"line":84,"column":80}},"29":{"start":{"line":86,"column":4},"end":{"line":88,"column":5}},"30":{"start":{"line":86,"column":17},"end":{"line":86,"column":18}},"31":{"start":{"line":87,"column":6},"end":{"line":87,"column":63}},"32":{"start":{"line":90,"column":4},"end":{"line":95,"column":5}},"33":{"start":{"line":91,"column":40},"end":{"line":91,"column":55}},"34":{"start":{"line":91,"column":56},"end":{"line":91,"column":62}},"35":{"start":{"line":92,"column":40},"end":{"line":92,"column":55}},"36":{"start":{"line":92,"column":56},"end":{"line":92,"column":62}},"37":{"start":{"line":93,"column":40},"end":{"line":93,"column":55}},"38":{"start":{"line":93,"column":56},"end":{"line":93,"column":62}},"39":{"start":{"line":94,"column":15},"end":{"line":94,"column":30}},"40":{"start":{"line":97,"column":4},"end":{"line":131,"column":5}},"41":{"start":{"line":98,"column":6},"end":{"line":122,"column":7}},"42":{"start":{"line":99,"column":8},"end":{"line":105,"column":9}},"43":{"start":{"line":99,"column":21},"end":{"line":99,"column":22}},"44":{"start":{"line":100,"column":10},"end":{"line":104,"column":11}},"45":{"start":{"line":101,"column":12},"end":{"line":101,"column":89}},"46":{"start":{"line":103,"column":12},"end":{"line":103,"column":92}},"47":{"start":{"line":106,"column":13},"end":{"line":122,"column":7}},"48":{"start":{"line":107,"column":8},"end":{"line":109,"column":9}},"49":{"start":{"line":107,"column":21},"end":{"line":107,"column":22}},"50":{"start":{"line":108,"column":10},"end":{"line":108,"column":87}},"51":{"start":{"line":111,"column":16},"end":{"line":111,"column":17}},"52":{"start":{"line":112,"column":8},"end":{"line":114,"column":9}},"53":{"start":{"line":113,"column":10},"end":{"line":113,"column":87}},"54":{"start":{"line":115,"column":8},"end":{"line":121,"column":9}},"55":{"start":{"line":116,"column":10},"end":{"line":120,"column":11}},"56":{"start":{"line":117,"column":12},"end":{"line":117,"column":89}},"57":{"start":{"line":119,"column":12},"end":{"line":119,"column":92}},"58":{"start":{"line":123,"column":11},"end":{"line":131,"column":5}},"59":{"start":{"line":124,"column":6},"end":{"line":126,"column":7}},"60":{"start":{"line":124,"column":19},"end":{"line":124,"column":20}},"61":{"start":{"line":125,"column":8},"end":{"line":125,"column":88}},"62":{"start":{"line":128,"column":6},"end":{"line":130,"column":7}},"63":{"start":{"line":128,"column":19},"end":{"line":128,"column":20}},"64":{"start":{"line":129,"column":8},"end":{"line":129,"column":85}},"65":{"start":{"line":133,"column":4},"end":{"line":147,"column":5}},"66":{"start":{"line":134,"column":16},"end":{"line":134,"column":38}},"67":{"start":{"line":134,"column":39},"end":{"line":134,"column":45}},"68":{"start":{"line":135,"column":16},"end":{"line":135,"column":38}},"69":{"start":{"line":135,"column":39},"end":{"line":135,"column":45}},"70":{"start":{"line":136,"column":16},"end":{"line":136,"column":36}},"71":{"start":{"line":136,"column":37},"end":{"line":136,"column":43}},"72":{"start":{"line":137,"column":16},"end":{"line":137,"column":36}},"73":{"start":{"line":137,"column":37},"end":{"line":137,"column":43}},"74":{"start":{"line":138,"column":16},"end":{"line":138,"column":34}},"75":{"start":{"line":138,"column":35},"end":{"line":138,"column":41}},"76":{"start":{"line":139,"column":16},"end":{"line":139,"column":35}},"77":{"start":{"line":139,"column":36},"end":{"line":139,"column":42}},"78":{"start":{"line":140,"column":16},"end":{"line":140,"column":35}},"79":{"start":{"line":140,"column":36},"end":{"line":140,"column":42}},"80":{"start":{"line":141,"column":16},"end":{"line":141,"column":37}},"81":{"start":{"line":141,"column":38},"end":{"line":141,"column":44}},"82":{"start":{"line":142,"column":16},"end":{"line":142,"column":40}},"83":{"start":{"line":142,"column":41},"end":{"line":142,"column":47}},"84":{"start":{"line":143,"column":16},"end":{"line":143,"column":38}},"85":{"start":{"line":143,"column":39},"end":{"line":143,"column":45}},"86":{"start":{"line":144,"column":17},"end":{"line":144,"column":40}},"87":{"start":{"line":144,"column":41},"end":{"line":144,"column":47}},"88":{"start":{"line":145,"column":17},"end":{"line":145,"column":40}},"89":{"start":{"line":145,"column":41},"end":{"line":145,"column":47}},"90":{"start":{"line":146,"column":15},"end":{"line":146,"column":36}},"91":{"start":{"line":149,"column":4},"end":{"line":166,"column":6}}},"fnMap":{"0":{"name":"(anonymous_0)","decl":{"start":{"line":7,"column":2},"end":{"line":7,"column":3}},"loc":{"start":{"line":7,"column":21},"end":{"line":27,"column":3}},"line":7},"1":{"name":"(anonymous_1)","decl":{"start":{"line":29,"column":2},"end":{"line":29,"column":3}},"loc":{"start":{"line":29,"column":22},"end":{"line":38,"column":3}},"line":29},"2":{"name":"(anonymous_2)","decl":{"start":{"line":30,"column":40},"end":{"line":30,"column":41}},"loc":{"start":{"line":30,"column":49},"end":{"line":37,"column":5}},"line":30},"3":{"name":"(anonymous_3)","decl":{"start":{"line":40,"column":2},"end":{"line":40,"column":3}},"loc":{"start":{"line":40,"column":11},"end":{"line":50,"column":3}},"line":40},"4":{"name":"(anonymous_4)","decl":{"start":{"line":52,"column":2},"end":{"line":52,"column":3}},"loc":{"start":{"line":52,"column":15},"end":{"line":62,"column":3}},"line":52},"5":{"name":"(anonymous_5)","decl":{"start":{"line":64,"column":2},"end":{"line":64,"column":3}},"loc":{"start":{"line":64,"column":16},"end":{"line":71,"column":3}},"line":64},"6":{"name":"(anonymous_6)","decl":{"start":{"line":73,"column":2},"end":{"line":73,"column":3}},"loc":{"start":{"line":73,"column":11},"end":{"line":167,"column":3}},"line":73}},"branchMap":{"0":{"loc":{"start":{"line":42,"column":4},"end":{"line":49,"column":5}},"type":"if","locations":[{"start":{"line":42,"column":4},"end":{"line":49,"column":5}},{"start":{"line":42,"column":4},"end":{"line":49,"column":5}}],"line":42},"1":{"loc":{"start":{"line":54,"column":4},"end":{"line":61,"column":5}},"type":"if","locations":[{"start":{"line":54,"column":4},"end":{"line":61,"column":5}},{"start":{"line":54,"column":4},"end":{"line":61,"column":5}}],"line":54},"2":{"loc":{"start":{"line":90,"column":4},"end":{"line":95,"column":5}},"type":"switch","locations":[{"start":{"line":91,"column":6},"end":{"line":91,"column":62}},{"start":{"line":92,"column":6},"end":{"line":92,"column":62}},{"start":{"line":93,"column":6},"end":{"line":93,"column":62}},{"start":{"line":94,"column":6},"end":{"line":94,"column":30}}],"line":90},"3":{"loc":{"start":{"line":97,"column":4},"end":{"line":131,"column":5}},"type":"if","locations":[{"start":{"line":97,"column":4},"end":{"line":131,"column":5}},{"start":{"line":97,"column":4},"end":{"line":131,"column":5}}],"line":97},"4":{"loc":{"start":{"line":98,"column":6},"end":{"line":122,"column":7}},"type":"if","locations":[{"start":{"line":98,"column":6},"end":{"line":122,"column":7}},{"start":{"line":98,"column":6},"end":{"line":122,"column":7}}],"line":98},"5":{"loc":{"start":{"line":100,"column":10},"end":{"line":104,"column":11}},"type":"if","locations":[{"start":{"line":100,"column":10},"end":{"line":104,"column":11}},{"start":{"line":100,"column":10},"end":{"line":104,"column":11}}],"line":100},"6":{"loc":{"start":{"line":106,"column":13},"end":{"line":122,"column":7}},"type":"if","locations":[{"start":{"line":106,"column":13},"end":{"line":122,"column":7}},{"start":{"line":106,"column":13},"end":{"line":122,"column":7}}],"line":106},"7":{"loc":{"start":{"line":116,"column":10},"end":{"line":120,"column":11}},"type":"if","locations":[{"start":{"line":116,"column":10},"end":{"line":120,"column":11}},{"start":{"line":116,"column":10},"end":{"line":120,"column":11}}],"line":116},"8":{"loc":{"start":{"line":123,"column":11},"end":{"line":131,"column":5}},"type":"if","locations":[{"start":{"line":123,"column":11},"end":{"line":131,"column":5}},{"start":{"line":123,"column":11},"end":{"line":131,"column":5}}],"line":123},"9":{"loc":{"start":{"line":133,"column":4},"end":{"line":147,"column":5}},"type":"switch","locations":[{"start":{"line":134,"column":6},"end":{"line":134,"column":45}},{"start":{"line":135,"column":6},"end":{"line":135,"column":45}},{"start":{"line":136,"column":6},"end":{"line":136,"column":43}},{"start":{"line":137,"column":6},"end":{"line":137,"column":43}},{"start":{"line":138,"column":6},"end":{"line":138,"column":41}},{"start":{"line":139,"column":6},"end":{"line":139,"column":42}},{"start":{"line":140,"column":6},"end":{"line":140,"column":42}},{"start":{"line":141,"column":6},"end":{"line":141,"column":44}},{"start":{"line":142,"column":6},"end":{"line":142,"column":47}},{"start":{"line":143,"column":6},"end":{"line":143,"column":45}},{"start":{"line":144,"column":6},"end":{"line":144,"column":47}},{"start":{"line":145,"column":6},"end":{"line":145,"column":47}},{"start":{"line":146,"column":6},"end":{"line":146,"column":36}}],"line":133}},"s":{"0":1,"1":1,"2":1,"3":1,"4":1,"5":1,"6":1,"7":0,"8":0,"9":0,"10":0,"11":0,"12":0,"13":0,"14":0,"15":0,"16":0,"17":0,"18":0,"19":0,"20":0,"21":0,"22":0,"23":1,"24":1,"25":1,"26":1,"27":1,"28":7,"29":1,"30":1,"31":4,"32":1,"33":0,"34":0,"35":0,"36":0,"37":0,"38":0,"39":1,"40":1,"41":1,"42":0,"43":0,"44":0,"45":0,"46":0,"47":1,"48":0,"49":0,"50":0,"51":1,"52":1,"53":23,"54":1,"55":8,"56":0,"57":8,"58":0,"59":0,"60":0,"61":0,"62":0,"63":0,"64":0,"65":1,"66":0,"67":0,"68":0,"69":0,"70":0,"71":0,"72":0,"73":0,"74":0,"75":0,"76":0,"77":0,"78":0,"79":0,"80":1,"81":1,"82":0,"83":0,"84":0,"85":0,"86":0,"87":0,"88":0,"89":0,"90":0,"91":1},"f":{"0":1,"1":1,"2":0,"3":0,"4":0,"5":0,"6":1},"b":{"0":[0,0],"1":[0,0],"2":[0,0,0,1],"3":[1,0],"4":[0,1],"5":[0,0],"6":[0,1],"7":[0,8],"8":[0,0],"9":[0,0,0,0,0,0,0,1,0,0,0,0,0]},"_coverageSchema":"43e27e138ebf9cfc5966b082cf9a028302ed4184","hash":"2698f2df51e6c6b2efe8f399d17b76317fe5069b"}
,"/Users/Jason/hrsf/bookings_module/client/components/check.js": {"path":"/Users/Jason/hrsf/bookings_module/client/components/check.js","statementMap":{"0":{"start":{"line":4,"column":16},"end":{"line":15,"column":1}},"1":{"start":{"line":5,"column":2},"end":{"line":14,"column":8}}},"fnMap":{"0":{"name":"(anonymous_0)","decl":{"start":{"line":4,"column":16},"end":{"line":4,"column":17}},"loc":{"start":{"line":5,"column":2},"end":{"line":14,"column":8}},"line":5}},"branchMap":{},"s":{"0":1,"1":0},"f":{"0":0},"b":{},"_coverageSchema":"43e27e138ebf9cfc5966b082cf9a028302ed4184","hash":"6a016e281d065136f914be7c4bd25a09a6e2c255"}
}
