{"/Users/Jason/hrsf/bookings_module/client/actions/calendarActions.js": {"path":"/Users/Jason/hrsf/bookings_module/client/actions/calendarActions.js","statementMap":{"0":{"start":{"line":1,"column":23},"end":{"line":4,"column":2}},"1":{"start":{"line":1,"column":46},"end":{"line":4,"column":1}},"2":{"start":{"line":6,"column":24},"end":{"line":9,"column":2}},"3":{"start":{"line":6,"column":47},"end":{"line":9,"column":1}},"4":{"start":{"line":11,"column":28},"end":{"line":14,"column":2}},"5":{"start":{"line":11,"column":51},"end":{"line":14,"column":1}},"6":{"start":{"line":16,"column":31},"end":{"line":18,"column":2}},"7":{"start":{"line":16,"column":38},"end":{"line":18,"column":1}}},"fnMap":{"0":{"name":"(anonymous_0)","decl":{"start":{"line":1,"column":23},"end":{"line":1,"column":24}},"loc":{"start":{"line":1,"column":46},"end":{"line":4,"column":1}},"line":1},"1":{"name":"(anonymous_1)","decl":{"start":{"line":6,"column":24},"end":{"line":6,"column":25}},"loc":{"start":{"line":6,"column":47},"end":{"line":9,"column":1}},"line":6},"2":{"name":"(anonymous_2)","decl":{"start":{"line":11,"column":28},"end":{"line":11,"column":29}},"loc":{"start":{"line":11,"column":51},"end":{"line":14,"column":1}},"line":11},"3":{"name":"(anonymous_3)","decl":{"start":{"line":16,"column":31},"end":{"line":16,"column":32}},"loc":{"start":{"line":16,"column":38},"end":{"line":18,"column":1}},"line":16}},"branchMap":{},"s":{"0":2,"1":1,"2":2,"3":1,"4":2,"5":1,"6":2,"7":1},"f":{"0":1,"1":1,"2":1,"3":1},"b":{},"_coverageSchema":"43e27e138ebf9cfc5966b082cf9a028302ed4184","hash":"f2e30d513e060bf34f27f7bffe7605367d85ec6d"}
,"/Users/Jason/hrsf/bookings_module/client/actions/guestsInfoActions.js": {"path":"/Users/Jason/hrsf/bookings_module/client/actions/guestsInfoActions.js","statementMap":{"0":{"start":{"line":1,"column":17},"end":{"line":3,"column":2}},"1":{"start":{"line":1,"column":24},"end":{"line":3,"column":1}},"2":{"start":{"line":5,"column":22},"end":{"line":7,"column":2}},"3":{"start":{"line":5,"column":29},"end":{"line":7,"column":1}},"4":{"start":{"line":9,"column":17},"end":{"line":11,"column":2}},"5":{"start":{"line":9,"column":24},"end":{"line":11,"column":1}},"6":{"start":{"line":13,"column":22},"end":{"line":15,"column":2}},"7":{"start":{"line":13,"column":29},"end":{"line":15,"column":1}},"8":{"start":{"line":17,"column":18},"end":{"line":19,"column":2}},"9":{"start":{"line":17,"column":25},"end":{"line":19,"column":1}},"10":{"start":{"line":21,"column":23},"end":{"line":23,"column":2}},"11":{"start":{"line":21,"column":30},"end":{"line":23,"column":1}}},"fnMap":{"0":{"name":"(anonymous_0)","decl":{"start":{"line":1,"column":17},"end":{"line":1,"column":18}},"loc":{"start":{"line":1,"column":24},"end":{"line":3,"column":1}},"line":1},"1":{"name":"(anonymous_1)","decl":{"start":{"line":5,"column":22},"end":{"line":5,"column":23}},"loc":{"start":{"line":5,"column":29},"end":{"line":7,"column":1}},"line":5},"2":{"name":"(anonymous_2)","decl":{"start":{"line":9,"column":17},"end":{"line":9,"column":18}},"loc":{"start":{"line":9,"column":24},"end":{"line":11,"column":1}},"line":9},"3":{"name":"(anonymous_3)","decl":{"start":{"line":13,"column":22},"end":{"line":13,"column":23}},"loc":{"start":{"line":13,"column":29},"end":{"line":15,"column":1}},"line":13},"4":{"name":"(anonymous_4)","decl":{"start":{"line":17,"column":18},"end":{"line":17,"column":19}},"loc":{"start":{"line":17,"column":25},"end":{"line":19,"column":1}},"line":17},"5":{"name":"(anonymous_5)","decl":{"start":{"line":21,"column":23},"end":{"line":21,"column":24}},"loc":{"start":{"line":21,"column":30},"end":{"line":23,"column":1}},"line":21}},"branchMap":{},"s":{"0":2,"1":1,"2":2,"3":1,"4":2,"5":1,"6":2,"7":1,"8":2,"9":1,"10":2,"11":1},"f":{"0":1,"1":1,"2":1,"3":1,"4":1,"5":1},"b":{},"_coverageSchema":"43e27e138ebf9cfc5966b082cf9a028302ed4184","hash":"d7223e4396cdf0433d997c79b07f52242c6e5717"}
,"/Users/Jason/hrsf/bookings_module/client/actions/popupCalendarActions.js": {"path":"/Users/Jason/hrsf/bookings_module/client/actions/popupCalendarActions.js","statementMap":{"0":{"start":{"line":1,"column":24},"end":{"line":3,"column":2}},"1":{"start":{"line":1,"column":31},"end":{"line":3,"column":1}},"2":{"start":{"line":5,"column":25},"end":{"line":7,"column":2}},"3":{"start":{"line":5,"column":32},"end":{"line":7,"column":1}},"4":{"start":{"line":9,"column":27},"end":{"line":11,"column":2}},"5":{"start":{"line":9,"column":34},"end":{"line":11,"column":1}}},"fnMap":{"0":{"name":"(anonymous_0)","decl":{"start":{"line":1,"column":24},"end":{"line":1,"column":25}},"loc":{"start":{"line":1,"column":31},"end":{"line":3,"column":1}},"line":1},"1":{"name":"(anonymous_1)","decl":{"start":{"line":5,"column":25},"end":{"line":5,"column":26}},"loc":{"start":{"line":5,"column":32},"end":{"line":7,"column":1}},"line":5},"2":{"name":"(anonymous_2)","decl":{"start":{"line":9,"column":27},"end":{"line":9,"column":28}},"loc":{"start":{"line":9,"column":34},"end":{"line":11,"column":1}},"line":9}},"branchMap":{},"s":{"0":2,"1":1,"2":2,"3":1,"4":2,"5":1},"f":{"0":1,"1":1,"2":1},"b":{},"_coverageSchema":"43e27e138ebf9cfc5966b082cf9a028302ed4184","hash":"7e7abd0977aa0c132a158857e74d211119612714"}
,"/Users/Jason/hrsf/bookings_module/client/actions/popupGuestsActions.js": {"path":"/Users/Jason/hrsf/bookings_module/client/actions/popupGuestsActions.js","statementMap":{"0":{"start":{"line":1,"column":26},"end":{"line":3,"column":2}},"1":{"start":{"line":1,"column":33},"end":{"line":3,"column":1}},"2":{"start":{"line":5,"column":27},"end":{"line":7,"column":2}},"3":{"start":{"line":5,"column":34},"end":{"line":7,"column":1}}},"fnMap":{"0":{"name":"(anonymous_0)","decl":{"start":{"line":1,"column":26},"end":{"line":1,"column":27}},"loc":{"start":{"line":1,"column":33},"end":{"line":3,"column":1}},"line":1},"1":{"name":"(anonymous_1)","decl":{"start":{"line":5,"column":27},"end":{"line":5,"column":28}},"loc":{"start":{"line":5,"column":34},"end":{"line":7,"column":1}},"line":5}},"branchMap":{},"s":{"0":2,"1":1,"2":2,"3":1},"f":{"0":1,"1":1},"b":{},"_coverageSchema":"43e27e138ebf9cfc5966b082cf9a028302ed4184","hash":"1841799ee311dfd8bc2cce061c118aa0780658e9"}
,"/Users/Jason/hrsf/bookings_module/client/actions/pricesAction.js": {"path":"/Users/Jason/hrsf/bookings_module/client/actions/pricesAction.js","statementMap":{"0":{"start":{"line":4,"column":2},"end":{"line":12,"column":4}},"1":{"start":{"line":5,"column":4},"end":{"line":11,"column":9}},"2":{"start":{"line":7,"column":8},"end":{"line":10,"column":11}}},"fnMap":{"0":{"name":"fetchPrice","decl":{"start":{"line":3,"column":24},"end":{"line":3,"column":34}},"loc":{"start":{"line":3,"column":37},"end":{"line":13,"column":1}},"line":3},"1":{"name":"(anonymous_1)","decl":{"start":{"line":4,"column":9},"end":{"line":4,"column":10}},"loc":{"start":{"line":4,"column":23},"end":{"line":12,"column":3}},"line":4},"2":{"name":"(anonymous_2)","decl":{"start":{"line":6,"column":12},"end":{"line":6,"column":13}},"loc":{"start":{"line":6,"column":23},"end":{"line":11,"column":7}},"line":6}},"branchMap":{},"s":{"0":0,"1":0,"2":0},"f":{"0":0,"1":0,"2":0},"b":{},"_coverageSchema":"43e27e138ebf9cfc5966b082cf9a028302ed4184","hash":"8009541eefafe73e79046dfeb70f8e76f3a80e9c"}
,"/Users/Jason/hrsf/bookings_module/client/components/app.js": {"path":"/Users/Jason/hrsf/bookings_module/client/components/app.js","statementMap":{"0":{"start":{"line":18,"column":24},"end":{"line":23,"column":1}},"1":{"start":{"line":25,"column":29},"end":{"line":29,"column":1}},"2":{"start":{"line":31,"column":22},"end":{"line":55,"column":1}},"3":{"start":{"line":57,"column":26},"end":{"line":62,"column":1}},"4":{"start":{"line":64,"column":13},"end":{"line":68,"column":1}},"5":{"start":{"line":72,"column":4},"end":{"line":72,"column":17}},"6":{"start":{"line":73,"column":4},"end":{"line":73,"column":55}},"7":{"start":{"line":74,"column":4},"end":{"line":74,"column":65}},"8":{"start":{"line":75,"column":4},"end":{"line":75,"column":65}},"9":{"start":{"line":76,"column":4},"end":{"line":76,"column":75}},"10":{"start":{"line":80,"column":4},"end":{"line":80,"column":75}},"11":{"start":{"line":81,"column":4},"end":{"line":81,"column":80}},"12":{"start":{"line":82,"column":27},"end":{"line":82,"column":37}},"13":{"start":{"line":83,"column":4},"end":{"line":83,"column":17}},"14":{"start":{"line":87,"column":4},"end":{"line":87,"column":27}},"15":{"start":{"line":91,"column":4},"end":{"line":91,"column":32}},"16":{"start":{"line":95,"column":35},"end":{"line":95,"column":45}},"17":{"start":{"line":96,"column":4},"end":{"line":98,"column":5}},"18":{"start":{"line":97,"column":6},"end":{"line":97,"column":27}},"19":{"start":{"line":102,"column":35},"end":{"line":102,"column":45}},"20":{"start":{"line":103,"column":4},"end":{"line":105,"column":5}},"21":{"start":{"line":104,"column":6},"end":{"line":104,"column":27}},"22":{"start":{"line":109,"column":45},"end":{"line":109,"column":55}},"23":{"start":{"line":110,"column":4},"end":{"line":136,"column":6}},"24":{"start":{"line":140,"column":0},"end":{"line":143,"column":2}},"25":{"start":{"line":145,"column":24},"end":{"line":152,"column":1}},"26":{"start":{"line":146,"column":2},"end":{"line":146,"column":28}},"27":{"start":{"line":147,"column":2},"end":{"line":151,"column":5}},"28":{"start":{"line":154,"column":27},"end":{"line":158,"column":2}},"29":{"start":{"line":154,"column":42},"end":{"line":158,"column":1}},"30":{"start":{"line":155,"column":22},"end":{"line":155,"column":51}},"31":{"start":{"line":156,"column":30},"end":{"line":156,"column":82}},"32":{"start":{"line":157,"column":30},"end":{"line":157,"column":77}}},"fnMap":{"0":{"name":"(anonymous_0)","decl":{"start":{"line":71,"column":2},"end":{"line":71,"column":3}},"loc":{"start":{"line":71,"column":21},"end":{"line":77,"column":3}},"line":71},"1":{"name":"(anonymous_1)","decl":{"start":{"line":79,"column":2},"end":{"line":79,"column":3}},"loc":{"start":{"line":79,"column":22},"end":{"line":84,"column":3}},"line":79},"2":{"name":"(anonymous_2)","decl":{"start":{"line":86,"column":2},"end":{"line":86,"column":3}},"loc":{"start":{"line":86,"column":22},"end":{"line":88,"column":3}},"line":86},"3":{"name":"(anonymous_3)","decl":{"start":{"line":90,"column":2},"end":{"line":90,"column":3}},"loc":{"start":{"line":90,"column":27},"end":{"line":92,"column":3}},"line":90},"4":{"name":"(anonymous_4)","decl":{"start":{"line":94,"column":2},"end":{"line":94,"column":3}},"loc":{"start":{"line":94,"column":28},"end":{"line":99,"column":3}},"line":94},"5":{"name":"(anonymous_5)","decl":{"start":{"line":101,"column":2},"end":{"line":101,"column":3}},"loc":{"start":{"line":101,"column":33},"end":{"line":106,"column":3}},"line":101},"6":{"name":"(anonymous_6)","decl":{"start":{"line":108,"column":2},"end":{"line":108,"column":3}},"loc":{"start":{"line":108,"column":11},"end":{"line":137,"column":3}},"line":108},"7":{"name":"(anonymous_7)","decl":{"start":{"line":145,"column":24},"end":{"line":145,"column":25}},"loc":{"start":{"line":145,"column":35},"end":{"line":152,"column":1}},"line":145},"8":{"name":"(anonymous_8)","decl":{"start":{"line":154,"column":27},"end":{"line":154,"column":28}},"loc":{"start":{"line":154,"column":42},"end":{"line":158,"column":1}},"line":154},"9":{"name":"(anonymous_9)","decl":{"start":{"line":155,"column":14},"end":{"line":155,"column":15}},"loc":{"start":{"line":155,"column":20},"end":{"line":155,"column":53}},"line":155},"10":{"name":"(anonymous_10)","decl":{"start":{"line":156,"column":22},"end":{"line":156,"column":23}},"loc":{"start":{"line":156,"column":28},"end":{"line":156,"column":84}},"line":156},"11":{"name":"(anonymous_11)","decl":{"start":{"line":157,"column":22},"end":{"line":157,"column":23}},"loc":{"start":{"line":157,"column":28},"end":{"line":157,"column":79}},"line":157}},"branchMap":{"0":{"loc":{"start":{"line":96,"column":4},"end":{"line":98,"column":5}},"type":"if","locations":[{"start":{"line":96,"column":4},"end":{"line":98,"column":5}},{"start":{"line":96,"column":4},"end":{"line":98,"column":5}}],"line":96},"1":{"loc":{"start":{"line":96,"column":8},"end":{"line":96,"column":66}},"type":"binary-expr","locations":[{"start":{"line":96,"column":8},"end":{"line":96,"column":23}},{"start":{"line":96,"column":27},"end":{"line":96,"column":66}}],"line":96},"2":{"loc":{"start":{"line":103,"column":4},"end":{"line":105,"column":5}},"type":"if","locations":[{"start":{"line":103,"column":4},"end":{"line":105,"column":5}},{"start":{"line":103,"column":4},"end":{"line":105,"column":5}}],"line":103},"3":{"loc":{"start":{"line":103,"column":8},"end":{"line":103,"column":76}},"type":"binary-expr","locations":[{"start":{"line":103,"column":8},"end":{"line":103,"column":28}},{"start":{"line":103,"column":32},"end":{"line":103,"column":76}}],"line":103},"4":{"loc":{"start":{"line":117,"column":15},"end":{"line":117,"column":53}},"type":"cond-expr","locations":[{"start":{"line":117,"column":25},"end":{"line":117,"column":46}},{"start":{"line":117,"column":49},"end":{"line":117,"column":53}}],"line":117},"5":{"loc":{"start":{"line":118,"column":15},"end":{"line":118,"column":57}},"type":"cond-expr","locations":[{"start":{"line":118,"column":26},"end":{"line":118,"column":50}},{"start":{"line":118,"column":53},"end":{"line":118,"column":57}}],"line":118},"6":{"loc":{"start":{"line":122,"column":15},"end":{"line":122,"column":57}},"type":"cond-expr","locations":[{"start":{"line":122,"column":27},"end":{"line":122,"column":50}},{"start":{"line":122,"column":53},"end":{"line":122,"column":57}}],"line":122}},"s":{"0":1,"1":1,"2":1,"3":1,"4":1,"5":0,"6":0,"7":0,"8":0,"9":0,"10":0,"11":0,"12":0,"13":0,"14":0,"15":0,"16":0,"17":0,"18":0,"19":0,"20":0,"21":0,"22":0,"23":0,"24":1,"25":1,"26":0,"27":0,"28":1,"29":0,"30":0,"31":0,"32":0},"f":{"0":0,"1":0,"2":0,"3":0,"4":0,"5":0,"6":0,"7":0,"8":0,"9":0,"10":0,"11":0},"b":{"0":[0,0],"1":[0,0],"2":[0,0],"3":[0,0],"4":[0,0],"5":[0,0],"6":[0,0]},"_coverageSchema":"43e27e138ebf9cfc5966b082cf9a028302ed4184","hash":"e28bc9598f34388c0c8ce3017680f5ecf26e343d"}
,"/Users/Jason/hrsf/bookings_module/client/components/calendar.js": {"path":"/Users/Jason/hrsf/bookings_module/client/components/calendar.js","statementMap":{"0":{"start":{"line":7,"column":14},"end":{"line":13,"column":1}},"1":{"start":{"line":15,"column":19},"end":{"line":19,"column":1}},"2":{"start":{"line":21,"column":21},"end":{"line":25,"column":1}},"3":{"start":{"line":27,"column":27},"end":{"line":31,"column":1}},"4":{"start":{"line":33,"column":23},"end":{"line":49,"column":1}},"5":{"start":{"line":51,"column":26},"end":{"line":56,"column":1}},"6":{"start":{"line":58,"column":18},"end":{"line":61,"column":1}},"7":{"start":{"line":63,"column":23},"end":{"line":71,"column":1}},"8":{"start":{"line":73,"column":26},"end":{"line":77,"column":1}},"9":{"start":{"line":79,"column":15},"end":{"line":86,"column":1}},"10":{"start":{"line":88,"column":16},"end":{"line":98,"column":1}},"11":{"start":{"line":100,"column":15},"end":{"line":103,"column":1}},"12":{"start":{"line":105,"column":18},"end":{"line":109,"column":1}},"13":{"start":{"line":111,"column":20},"end":{"line":114,"column":1}},"14":{"start":{"line":116,"column":17},"end":{"line":122,"column":1}},"15":{"start":{"line":126,"column":4},"end":{"line":126,"column":17}},"16":{"start":{"line":127,"column":4},"end":{"line":130,"column":6}},"17":{"start":{"line":131,"column":4},"end":{"line":141,"column":6}},"18":{"start":{"line":142,"column":4},"end":{"line":142,"column":41}},"19":{"start":{"line":143,"column":4},"end":{"line":143,"column":49}},"20":{"start":{"line":144,"column":4},"end":{"line":144,"column":51}},"21":{"start":{"line":145,"column":4},"end":{"line":145,"column":51}},"22":{"start":{"line":149,"column":4},"end":{"line":157,"column":23}},"23":{"start":{"line":150,"column":6},"end":{"line":155,"column":9}},"24":{"start":{"line":161,"column":29},"end":{"line":161,"column":39}},"25":{"start":{"line":162,"column":4},"end":{"line":169,"column":5}},"26":{"start":{"line":163,"column":6},"end":{"line":163,"column":33}},"27":{"start":{"line":164,"column":6},"end":{"line":164,"column":33}},"28":{"start":{"line":165,"column":6},"end":{"line":165,"column":25}},"29":{"start":{"line":167,"column":6},"end":{"line":167,"column":34}},"30":{"start":{"line":168,"column":6},"end":{"line":168,"column":25}},"31":{"start":{"line":173,"column":29},"end":{"line":173,"column":39}},"32":{"start":{"line":174,"column":4},"end":{"line":181,"column":5}},"33":{"start":{"line":175,"column":6},"end":{"line":175,"column":34}},"34":{"start":{"line":176,"column":6},"end":{"line":176,"column":33}},"35":{"start":{"line":177,"column":6},"end":{"line":177,"column":25}},"36":{"start":{"line":179,"column":6},"end":{"line":179,"column":34}},"37":{"start":{"line":180,"column":6},"end":{"line":180,"column":25}},"38":{"start":{"line":185,"column":49},"end":{"line":185,"column":59}},"39":{"start":{"line":186,"column":42},"end":{"line":186,"column":52}},"40":{"start":{"line":187,"column":4},"end":{"line":187,"column":70}},"41":{"start":{"line":188,"column":4},"end":{"line":188,"column":23}},"42":{"start":{"line":192,"column":4},"end":{"line":197,"column":7}},"43":{"start":{"line":204,"column":8},"end":{"line":204,"column":18}},"44":{"start":{"line":206,"column":28},"end":{"line":206,"column":38}},"45":{"start":{"line":208,"column":23},"end":{"line":208,"column":65}},"46":{"start":{"line":209,"column":19},"end":{"line":209,"column":21}},"47":{"start":{"line":213,"column":4},"end":{"line":215,"column":5}},"48":{"start":{"line":213,"column":17},"end":{"line":213,"column":18}},"49":{"start":{"line":214,"column":6},"end":{"line":214,"column":52}},"50":{"start":{"line":216,"column":4},"end":{"line":218,"column":5}},"51":{"start":{"line":216,"column":17},"end":{"line":216,"column":18}},"52":{"start":{"line":217,"column":6},"end":{"line":217,"column":46}},"53":{"start":{"line":220,"column":4},"end":{"line":225,"column":5}},"54":{"start":{"line":221,"column":40},"end":{"line":221,"column":55}},"55":{"start":{"line":221,"column":56},"end":{"line":221,"column":62}},"56":{"start":{"line":222,"column":40},"end":{"line":222,"column":55}},"57":{"start":{"line":222,"column":56},"end":{"line":222,"column":62}},"58":{"start":{"line":223,"column":40},"end":{"line":223,"column":55}},"59":{"start":{"line":223,"column":56},"end":{"line":223,"column":62}},"60":{"start":{"line":224,"column":15},"end":{"line":224,"column":30}},"61":{"start":{"line":227,"column":4},"end":{"line":273,"column":5}},"62":{"start":{"line":228,"column":6},"end":{"line":256,"column":7}},"63":{"start":{"line":229,"column":8},"end":{"line":237,"column":9}},"64":{"start":{"line":229,"column":21},"end":{"line":229,"column":22}},"65":{"start":{"line":230,"column":10},"end":{"line":236,"column":11}},"66":{"start":{"line":231,"column":12},"end":{"line":231,"column":60}},"67":{"start":{"line":232,"column":17},"end":{"line":236,"column":11}},"68":{"start":{"line":233,"column":12},"end":{"line":233,"column":50}},"69":{"start":{"line":235,"column":12},"end":{"line":235,"column":83}},"70":{"start":{"line":238,"column":13},"end":{"line":256,"column":7}},"71":{"start":{"line":239,"column":8},"end":{"line":241,"column":9}},"72":{"start":{"line":239,"column":21},"end":{"line":239,"column":22}},"73":{"start":{"line":240,"column":10},"end":{"line":240,"column":48}},"74":{"start":{"line":243,"column":16},"end":{"line":243,"column":17}},"75":{"start":{"line":244,"column":8},"end":{"line":246,"column":9}},"76":{"start":{"line":245,"column":10},"end":{"line":245,"column":48}},"77":{"start":{"line":247,"column":8},"end":{"line":255,"column":9}},"78":{"start":{"line":248,"column":10},"end":{"line":254,"column":11}},"79":{"start":{"line":249,"column":12},"end":{"line":249,"column":60}},"80":{"start":{"line":250,"column":17},"end":{"line":254,"column":11}},"81":{"start":{"line":251,"column":12},"end":{"line":251,"column":50}},"82":{"start":{"line":253,"column":12},"end":{"line":253,"column":83}},"83":{"start":{"line":257,"column":11},"end":{"line":273,"column":5}},"84":{"start":{"line":258,"column":6},"end":{"line":264,"column":7}},"85":{"start":{"line":258,"column":19},"end":{"line":258,"column":20}},"86":{"start":{"line":259,"column":8},"end":{"line":263,"column":9}},"87":{"start":{"line":260,"column":10},"end":{"line":260,"column":58}},"88":{"start":{"line":262,"column":10},"end":{"line":262,"column":81}},"89":{"start":{"line":266,"column":6},"end":{"line":272,"column":7}},"90":{"start":{"line":266,"column":19},"end":{"line":266,"column":20}},"91":{"start":{"line":267,"column":8},"end":{"line":271,"column":9}},"92":{"start":{"line":268,"column":10},"end":{"line":268,"column":58}},"93":{"start":{"line":270,"column":10},"end":{"line":270,"column":48}},"94":{"start":{"line":275,"column":4},"end":{"line":289,"column":5}},"95":{"start":{"line":276,"column":16},"end":{"line":276,"column":38}},"96":{"start":{"line":276,"column":39},"end":{"line":276,"column":45}},"97":{"start":{"line":277,"column":16},"end":{"line":277,"column":38}},"98":{"start":{"line":277,"column":39},"end":{"line":277,"column":45}},"99":{"start":{"line":278,"column":16},"end":{"line":278,"column":36}},"100":{"start":{"line":278,"column":37},"end":{"line":278,"column":43}},"101":{"start":{"line":279,"column":16},"end":{"line":279,"column":36}},"102":{"start":{"line":279,"column":37},"end":{"line":279,"column":43}},"103":{"start":{"line":280,"column":16},"end":{"line":280,"column":34}},"104":{"start":{"line":280,"column":35},"end":{"line":280,"column":41}},"105":{"start":{"line":281,"column":16},"end":{"line":281,"column":35}},"106":{"start":{"line":281,"column":36},"end":{"line":281,"column":42}},"107":{"start":{"line":282,"column":16},"end":{"line":282,"column":35}},"108":{"start":{"line":282,"column":36},"end":{"line":282,"column":42}},"109":{"start":{"line":283,"column":16},"end":{"line":283,"column":37}},"110":{"start":{"line":283,"column":38},"end":{"line":283,"column":44}},"111":{"start":{"line":284,"column":16},"end":{"line":284,"column":40}},"112":{"start":{"line":284,"column":41},"end":{"line":284,"column":47}},"113":{"start":{"line":285,"column":16},"end":{"line":285,"column":38}},"114":{"start":{"line":285,"column":39},"end":{"line":285,"column":45}},"115":{"start":{"line":286,"column":17},"end":{"line":286,"column":40}},"116":{"start":{"line":286,"column":41},"end":{"line":286,"column":47}},"117":{"start":{"line":287,"column":17},"end":{"line":287,"column":40}},"118":{"start":{"line":287,"column":41},"end":{"line":287,"column":47}},"119":{"start":{"line":288,"column":15},"end":{"line":288,"column":36}},"120":{"start":{"line":290,"column":4},"end":{"line":311,"column":6}}},"fnMap":{"0":{"name":"(anonymous_0)","decl":{"start":{"line":125,"column":2},"end":{"line":125,"column":3}},"loc":{"start":{"line":125,"column":21},"end":{"line":146,"column":3}},"line":125},"1":{"name":"(anonymous_1)","decl":{"start":{"line":148,"column":2},"end":{"line":148,"column":3}},"loc":{"start":{"line":148,"column":22},"end":{"line":158,"column":3}},"line":148},"2":{"name":"(anonymous_2)","decl":{"start":{"line":149,"column":40},"end":{"line":149,"column":41}},"loc":{"start":{"line":149,"column":49},"end":{"line":156,"column":5}},"line":149},"3":{"name":"(anonymous_3)","decl":{"start":{"line":157,"column":13},"end":{"line":157,"column":14}},"loc":{"start":{"line":157,"column":19},"end":{"line":157,"column":21}},"line":157},"4":{"name":"(anonymous_4)","decl":{"start":{"line":160,"column":2},"end":{"line":160,"column":3}},"loc":{"start":{"line":160,"column":11},"end":{"line":170,"column":3}},"line":160},"5":{"name":"(anonymous_5)","decl":{"start":{"line":172,"column":2},"end":{"line":172,"column":3}},"loc":{"start":{"line":172,"column":15},"end":{"line":182,"column":3}},"line":172},"6":{"name":"(anonymous_6)","decl":{"start":{"line":184,"column":2},"end":{"line":184,"column":3}},"loc":{"start":{"line":184,"column":21},"end":{"line":189,"column":3}},"line":184},"7":{"name":"(anonymous_7)","decl":{"start":{"line":191,"column":2},"end":{"line":191,"column":3}},"loc":{"start":{"line":191,"column":16},"end":{"line":198,"column":3}},"line":191},"8":{"name":"(anonymous_8)","decl":{"start":{"line":200,"column":2},"end":{"line":200,"column":3}},"loc":{"start":{"line":200,"column":11},"end":{"line":312,"column":3}},"line":200}},"branchMap":{"0":{"loc":{"start":{"line":162,"column":4},"end":{"line":169,"column":5}},"type":"if","locations":[{"start":{"line":162,"column":4},"end":{"line":169,"column":5}},{"start":{"line":162,"column":4},"end":{"line":169,"column":5}}],"line":162},"1":{"loc":{"start":{"line":174,"column":4},"end":{"line":181,"column":5}},"type":"if","locations":[{"start":{"line":174,"column":4},"end":{"line":181,"column":5}},{"start":{"line":174,"column":4},"end":{"line":181,"column":5}}],"line":174},"2":{"loc":{"start":{"line":220,"column":4},"end":{"line":225,"column":5}},"type":"switch","locations":[{"start":{"line":221,"column":6},"end":{"line":221,"column":62}},{"start":{"line":222,"column":6},"end":{"line":222,"column":62}},{"start":{"line":223,"column":6},"end":{"line":223,"column":62}},{"start":{"line":224,"column":6},"end":{"line":224,"column":30}}],"line":220},"3":{"loc":{"start":{"line":227,"column":4},"end":{"line":273,"column":5}},"type":"if","locations":[{"start":{"line":227,"column":4},"end":{"line":273,"column":5}},{"start":{"line":227,"column":4},"end":{"line":273,"column":5}}],"line":227},"4":{"loc":{"start":{"line":228,"column":6},"end":{"line":256,"column":7}},"type":"if","locations":[{"start":{"line":228,"column":6},"end":{"line":256,"column":7}},{"start":{"line":228,"column":6},"end":{"line":256,"column":7}}],"line":228},"5":{"loc":{"start":{"line":230,"column":10},"end":{"line":236,"column":11}},"type":"if","locations":[{"start":{"line":230,"column":10},"end":{"line":236,"column":11}},{"start":{"line":230,"column":10},"end":{"line":236,"column":11}}],"line":230},"6":{"loc":{"start":{"line":230,"column":14},"end":{"line":230,"column":135}},"type":"binary-expr","locations":[{"start":{"line":230,"column":14},"end":{"line":230,"column":25}},{"start":{"line":230,"column":29},"end":{"line":230,"column":61}},{"start":{"line":230,"column":65},"end":{"line":230,"column":99}},{"start":{"line":230,"column":103},"end":{"line":230,"column":135}}],"line":230},"7":{"loc":{"start":{"line":232,"column":17},"end":{"line":236,"column":11}},"type":"if","locations":[{"start":{"line":232,"column":17},"end":{"line":236,"column":11}},{"start":{"line":232,"column":17},"end":{"line":236,"column":11}}],"line":232},"8":{"loc":{"start":{"line":238,"column":13},"end":{"line":256,"column":7}},"type":"if","locations":[{"start":{"line":238,"column":13},"end":{"line":256,"column":7}},{"start":{"line":238,"column":13},"end":{"line":256,"column":7}}],"line":238},"9":{"loc":{"start":{"line":248,"column":10},"end":{"line":254,"column":11}},"type":"if","locations":[{"start":{"line":248,"column":10},"end":{"line":254,"column":11}},{"start":{"line":248,"column":10},"end":{"line":254,"column":11}}],"line":248},"10":{"loc":{"start":{"line":248,"column":14},"end":{"line":248,"column":135}},"type":"binary-expr","locations":[{"start":{"line":248,"column":14},"end":{"line":248,"column":25}},{"start":{"line":248,"column":29},"end":{"line":248,"column":61}},{"start":{"line":248,"column":65},"end":{"line":248,"column":99}},{"start":{"line":248,"column":103},"end":{"line":248,"column":135}}],"line":248},"11":{"loc":{"start":{"line":250,"column":17},"end":{"line":254,"column":11}},"type":"if","locations":[{"start":{"line":250,"column":17},"end":{"line":254,"column":11}},{"start":{"line":250,"column":17},"end":{"line":254,"column":11}}],"line":250},"12":{"loc":{"start":{"line":257,"column":11},"end":{"line":273,"column":5}},"type":"if","locations":[{"start":{"line":257,"column":11},"end":{"line":273,"column":5}},{"start":{"line":257,"column":11},"end":{"line":273,"column":5}}],"line":257},"13":{"loc":{"start":{"line":259,"column":8},"end":{"line":263,"column":9}},"type":"if","locations":[{"start":{"line":259,"column":8},"end":{"line":263,"column":9}},{"start":{"line":259,"column":8},"end":{"line":263,"column":9}}],"line":259},"14":{"loc":{"start":{"line":259,"column":12},"end":{"line":259,"column":133}},"type":"binary-expr","locations":[{"start":{"line":259,"column":12},"end":{"line":259,"column":23}},{"start":{"line":259,"column":27},"end":{"line":259,"column":59}},{"start":{"line":259,"column":63},"end":{"line":259,"column":97}},{"start":{"line":259,"column":101},"end":{"line":259,"column":133}}],"line":259},"15":{"loc":{"start":{"line":267,"column":8},"end":{"line":271,"column":9}},"type":"if","locations":[{"start":{"line":267,"column":8},"end":{"line":271,"column":9}},{"start":{"line":267,"column":8},"end":{"line":271,"column":9}}],"line":267},"16":{"loc":{"start":{"line":267,"column":12},"end":{"line":267,"column":133}},"type":"binary-expr","locations":[{"start":{"line":267,"column":12},"end":{"line":267,"column":23}},{"start":{"line":267,"column":27},"end":{"line":267,"column":59}},{"start":{"line":267,"column":63},"end":{"line":267,"column":97}},{"start":{"line":267,"column":101},"end":{"line":267,"column":133}}],"line":267},"17":{"loc":{"start":{"line":275,"column":4},"end":{"line":289,"column":5}},"type":"switch","locations":[{"start":{"line":276,"column":6},"end":{"line":276,"column":45}},{"start":{"line":277,"column":6},"end":{"line":277,"column":45}},{"start":{"line":278,"column":6},"end":{"line":278,"column":43}},{"start":{"line":279,"column":6},"end":{"line":279,"column":43}},{"start":{"line":280,"column":6},"end":{"line":280,"column":41}},{"start":{"line":281,"column":6},"end":{"line":281,"column":42}},{"start":{"line":282,"column":6},"end":{"line":282,"column":42}},{"start":{"line":283,"column":6},"end":{"line":283,"column":44}},{"start":{"line":284,"column":6},"end":{"line":284,"column":47}},{"start":{"line":285,"column":6},"end":{"line":285,"column":45}},{"start":{"line":286,"column":6},"end":{"line":286,"column":47}},{"start":{"line":287,"column":6},"end":{"line":287,"column":47}},{"start":{"line":288,"column":6},"end":{"line":288,"column":36}}],"line":275}},"s":{"0":1,"1":1,"2":1,"3":1,"4":1,"5":1,"6":1,"7":1,"8":1,"9":1,"10":1,"11":1,"12":1,"13":1,"14":1,"15":0,"16":0,"17":0,"18":0,"19":0,"20":0,"21":0,"22":0,"23":0,"24":0,"25":0,"26":0,"27":0,"28":0,"29":0,"30":0,"31":0,"32":0,"33":0,"34":0,"35":0,"36":0,"37":0,"38":0,"39":0,"40":0,"41":0,"42":0,"43":0,"44":0,"45":0,"46":0,"47":0,"48":0,"49":0,"50":0,"51":0,"52":0,"53":0,"54":0,"55":0,"56":0,"57":0,"58":0,"59":0,"60":0,"61":0,"62":0,"63":0,"64":0,"65":0,"66":0,"67":0,"68":0,"69":0,"70":0,"71":0,"72":0,"73":0,"74":0,"75":0,"76":0,"77":0,"78":0,"79":0,"80":0,"81":0,"82":0,"83":0,"84":0,"85":0,"86":0,"87":0,"88":0,"89":0,"90":0,"91":0,"92":0,"93":0,"94":0,"95":0,"96":0,"97":0,"98":0,"99":0,"100":0,"101":0,"102":0,"103":0,"104":0,"105":0,"106":0,"107":0,"108":0,"109":0,"110":0,"111":0,"112":0,"113":0,"114":0,"115":0,"116":0,"117":0,"118":0,"119":0,"120":0},"f":{"0":0,"1":0,"2":0,"3":0,"4":0,"5":0,"6":0,"7":0,"8":0},"b":{"0":[0,0],"1":[0,0],"2":[0,0,0,0],"3":[0,0],"4":[0,0],"5":[0,0],"6":[0,0,0,0],"7":[0,0],"8":[0,0],"9":[0,0],"10":[0,0,0,0],"11":[0,0],"12":[0,0],"13":[0,0],"14":[0,0,0,0],"15":[0,0],"16":[0,0,0,0],"17":[0,0,0,0,0,0,0,0,0,0,0,0,0]},"_coverageSchema":"43e27e138ebf9cfc5966b082cf9a028302ed4184","hash":"a337fe4740b556b313124a2af51323391dc3fa3b"}
,"/Users/Jason/hrsf/bookings_module/client/components/calendarOut.js": {"path":"/Users/Jason/hrsf/bookings_module/client/components/calendarOut.js","statementMap":{"0":{"start":{"line":7,"column":14},"end":{"line":13,"column":1}},"1":{"start":{"line":15,"column":19},"end":{"line":19,"column":1}},"2":{"start":{"line":21,"column":21},"end":{"line":25,"column":1}},"3":{"start":{"line":27,"column":27},"end":{"line":31,"column":1}},"4":{"start":{"line":33,"column":23},"end":{"line":49,"column":1}},"5":{"start":{"line":51,"column":26},"end":{"line":56,"column":1}},"6":{"start":{"line":58,"column":18},"end":{"line":61,"column":1}},"7":{"start":{"line":63,"column":23},"end":{"line":71,"column":1}},"8":{"start":{"line":73,"column":26},"end":{"line":77,"column":1}},"9":{"start":{"line":79,"column":15},"end":{"line":86,"column":1}},"10":{"start":{"line":88,"column":16},"end":{"line":98,"column":1}},"11":{"start":{"line":100,"column":15},"end":{"line":103,"column":1}},"12":{"start":{"line":105,"column":18},"end":{"line":109,"column":1}},"13":{"start":{"line":111,"column":23},"end":{"line":116,"column":1}},"14":{"start":{"line":118,"column":20},"end":{"line":121,"column":1}},"15":{"start":{"line":123,"column":25},"end":{"line":126,"column":1}},"16":{"start":{"line":128,"column":17},"end":{"line":134,"column":1}},"17":{"start":{"line":138,"column":4},"end":{"line":138,"column":17}},"18":{"start":{"line":139,"column":4},"end":{"line":142,"column":6}},"19":{"start":{"line":143,"column":4},"end":{"line":153,"column":6}},"20":{"start":{"line":154,"column":4},"end":{"line":154,"column":41}},"21":{"start":{"line":155,"column":4},"end":{"line":155,"column":49}},"22":{"start":{"line":156,"column":4},"end":{"line":156,"column":51}},"23":{"start":{"line":157,"column":4},"end":{"line":157,"column":51}},"24":{"start":{"line":158,"column":4},"end":{"line":158,"column":51}},"25":{"start":{"line":159,"column":4},"end":{"line":159,"column":57}},"26":{"start":{"line":163,"column":4},"end":{"line":171,"column":24}},"27":{"start":{"line":164,"column":6},"end":{"line":169,"column":9}},"28":{"start":{"line":165,"column":45},"end":{"line":165,"column":52}},"29":{"start":{"line":166,"column":45},"end":{"line":166,"column":52}},"30":{"start":{"line":167,"column":45},"end":{"line":167,"column":52}},"31":{"start":{"line":168,"column":45},"end":{"line":168,"column":52}},"32":{"start":{"line":175,"column":29},"end":{"line":175,"column":39}},"33":{"start":{"line":176,"column":4},"end":{"line":183,"column":5}},"34":{"start":{"line":177,"column":6},"end":{"line":177,"column":33}},"35":{"start":{"line":178,"column":6},"end":{"line":178,"column":33}},"36":{"start":{"line":179,"column":6},"end":{"line":179,"column":25}},"37":{"start":{"line":181,"column":6},"end":{"line":181,"column":34}},"38":{"start":{"line":182,"column":6},"end":{"line":182,"column":25}},"39":{"start":{"line":187,"column":29},"end":{"line":187,"column":39}},"40":{"start":{"line":188,"column":4},"end":{"line":195,"column":5}},"41":{"start":{"line":189,"column":6},"end":{"line":189,"column":34}},"42":{"start":{"line":190,"column":6},"end":{"line":190,"column":33}},"43":{"start":{"line":191,"column":6},"end":{"line":191,"column":25}},"44":{"start":{"line":193,"column":6},"end":{"line":193,"column":34}},"45":{"start":{"line":194,"column":6},"end":{"line":194,"column":25}},"46":{"start":{"line":199,"column":32},"end":{"line":199,"column":42}},"47":{"start":{"line":200,"column":42},"end":{"line":200,"column":52}},"48":{"start":{"line":201,"column":4},"end":{"line":201,"column":71}},"49":{"start":{"line":205,"column":54},"end":{"line":205,"column":64}},"50":{"start":{"line":206,"column":42},"end":{"line":206,"column":52}},"51":{"start":{"line":207,"column":4},"end":{"line":207,"column":34}},"52":{"start":{"line":208,"column":4},"end":{"line":208,"column":75}},"53":{"start":{"line":212,"column":39},"end":{"line":212,"column":49}},"54":{"start":{"line":213,"column":4},"end":{"line":213,"column":29}},"55":{"start":{"line":217,"column":4},"end":{"line":222,"column":7}},"56":{"start":{"line":229,"column":8},"end":{"line":229,"column":18}},"57":{"start":{"line":231,"column":60},"end":{"line":231,"column":70}},"58":{"start":{"line":233,"column":23},"end":{"line":233,"column":65}},"59":{"start":{"line":234,"column":19},"end":{"line":234,"column":21}},"60":{"start":{"line":240,"column":4},"end":{"line":242,"column":5}},"61":{"start":{"line":240,"column":17},"end":{"line":240,"column":18}},"62":{"start":{"line":241,"column":6},"end":{"line":241,"column":52}},"63":{"start":{"line":243,"column":4},"end":{"line":245,"column":5}},"64":{"start":{"line":243,"column":17},"end":{"line":243,"column":18}},"65":{"start":{"line":244,"column":6},"end":{"line":244,"column":46}},"66":{"start":{"line":247,"column":4},"end":{"line":252,"column":5}},"67":{"start":{"line":248,"column":40},"end":{"line":248,"column":55}},"68":{"start":{"line":248,"column":56},"end":{"line":248,"column":62}},"69":{"start":{"line":249,"column":40},"end":{"line":249,"column":55}},"70":{"start":{"line":249,"column":56},"end":{"line":249,"column":62}},"71":{"start":{"line":250,"column":40},"end":{"line":250,"column":55}},"72":{"start":{"line":250,"column":56},"end":{"line":250,"column":62}},"73":{"start":{"line":251,"column":15},"end":{"line":251,"column":30}},"74":{"start":{"line":254,"column":4},"end":{"line":324,"column":5}},"75":{"start":{"line":255,"column":6},"end":{"line":260,"column":7}},"76":{"start":{"line":255,"column":19},"end":{"line":255,"column":20}},"77":{"start":{"line":256,"column":8},"end":{"line":259,"column":9}},"78":{"start":{"line":257,"column":10},"end":{"line":257,"column":30}},"79":{"start":{"line":258,"column":10},"end":{"line":258,"column":16}},"80":{"start":{"line":261,"column":6},"end":{"line":273,"column":7}},"81":{"start":{"line":261,"column":19},"end":{"line":261,"column":20}},"82":{"start":{"line":262,"column":8},"end":{"line":272,"column":9}},"83":{"start":{"line":263,"column":10},"end":{"line":263,"column":58}},"84":{"start":{"line":264,"column":15},"end":{"line":272,"column":9}},"85":{"start":{"line":265,"column":10},"end":{"line":265,"column":58}},"86":{"start":{"line":266,"column":15},"end":{"line":272,"column":9}},"87":{"start":{"line":267,"column":10},"end":{"line":267,"column":68}},"88":{"start":{"line":268,"column":15},"end":{"line":272,"column":9}},"89":{"start":{"line":269,"column":10},"end":{"line":269,"column":158}},"90":{"start":{"line":271,"column":10},"end":{"line":271,"column":48}},"91":{"start":{"line":274,"column":11},"end":{"line":324,"column":5}},"92":{"start":{"line":275,"column":6},"end":{"line":277,"column":7}},"93":{"start":{"line":275,"column":19},"end":{"line":275,"column":20}},"94":{"start":{"line":276,"column":8},"end":{"line":276,"column":46}},"95":{"start":{"line":278,"column":11},"end":{"line":324,"column":5}},"96":{"start":{"line":279,"column":6},"end":{"line":307,"column":7}},"97":{"start":{"line":280,"column":8},"end":{"line":288,"column":9}},"98":{"start":{"line":280,"column":21},"end":{"line":280,"column":22}},"99":{"start":{"line":281,"column":10},"end":{"line":287,"column":11}},"100":{"start":{"line":282,"column":12},"end":{"line":282,"column":60}},"101":{"start":{"line":283,"column":17},"end":{"line":287,"column":11}},"102":{"start":{"line":284,"column":12},"end":{"line":284,"column":50}},"103":{"start":{"line":286,"column":12},"end":{"line":286,"column":83}},"104":{"start":{"line":289,"column":13},"end":{"line":307,"column":7}},"105":{"start":{"line":290,"column":8},"end":{"line":292,"column":9}},"106":{"start":{"line":290,"column":21},"end":{"line":290,"column":22}},"107":{"start":{"line":291,"column":10},"end":{"line":291,"column":48}},"108":{"start":{"line":294,"column":16},"end":{"line":294,"column":17}},"109":{"start":{"line":295,"column":8},"end":{"line":297,"column":9}},"110":{"start":{"line":296,"column":10},"end":{"line":296,"column":48}},"111":{"start":{"line":298,"column":8},"end":{"line":306,"column":9}},"112":{"start":{"line":299,"column":10},"end":{"line":305,"column":11}},"113":{"start":{"line":300,"column":12},"end":{"line":300,"column":60}},"114":{"start":{"line":301,"column":17},"end":{"line":305,"column":11}},"115":{"start":{"line":302,"column":12},"end":{"line":302,"column":50}},"116":{"start":{"line":304,"column":12},"end":{"line":304,"column":83}},"117":{"start":{"line":308,"column":11},"end":{"line":324,"column":5}},"118":{"start":{"line":309,"column":6},"end":{"line":315,"column":7}},"119":{"start":{"line":309,"column":19},"end":{"line":309,"column":20}},"120":{"start":{"line":310,"column":8},"end":{"line":314,"column":9}},"121":{"start":{"line":311,"column":10},"end":{"line":311,"column":58}},"122":{"start":{"line":313,"column":10},"end":{"line":313,"column":81}},"123":{"start":{"line":317,"column":6},"end":{"line":323,"column":7}},"124":{"start":{"line":317,"column":19},"end":{"line":317,"column":20}},"125":{"start":{"line":318,"column":8},"end":{"line":322,"column":9}},"126":{"start":{"line":319,"column":10},"end":{"line":319,"column":58}},"127":{"start":{"line":321,"column":10},"end":{"line":321,"column":48}},"128":{"start":{"line":327,"column":4},"end":{"line":341,"column":5}},"129":{"start":{"line":328,"column":16},"end":{"line":328,"column":38}},"130":{"start":{"line":328,"column":39},"end":{"line":328,"column":45}},"131":{"start":{"line":329,"column":16},"end":{"line":329,"column":38}},"132":{"start":{"line":329,"column":39},"end":{"line":329,"column":45}},"133":{"start":{"line":330,"column":16},"end":{"line":330,"column":36}},"134":{"start":{"line":330,"column":37},"end":{"line":330,"column":43}},"135":{"start":{"line":331,"column":16},"end":{"line":331,"column":36}},"136":{"start":{"line":331,"column":37},"end":{"line":331,"column":43}},"137":{"start":{"line":332,"column":16},"end":{"line":332,"column":34}},"138":{"start":{"line":332,"column":35},"end":{"line":332,"column":41}},"139":{"start":{"line":333,"column":16},"end":{"line":333,"column":35}},"140":{"start":{"line":333,"column":36},"end":{"line":333,"column":42}},"141":{"start":{"line":334,"column":16},"end":{"line":334,"column":35}},"142":{"start":{"line":334,"column":36},"end":{"line":334,"column":42}},"143":{"start":{"line":335,"column":16},"end":{"line":335,"column":37}},"144":{"start":{"line":335,"column":38},"end":{"line":335,"column":44}},"145":{"start":{"line":336,"column":16},"end":{"line":336,"column":40}},"146":{"start":{"line":336,"column":41},"end":{"line":336,"column":47}},"147":{"start":{"line":337,"column":16},"end":{"line":337,"column":38}},"148":{"start":{"line":337,"column":39},"end":{"line":337,"column":45}},"149":{"start":{"line":338,"column":17},"end":{"line":338,"column":40}},"150":{"start":{"line":338,"column":41},"end":{"line":338,"column":47}},"151":{"start":{"line":339,"column":17},"end":{"line":339,"column":40}},"152":{"start":{"line":339,"column":41},"end":{"line":339,"column":47}},"153":{"start":{"line":340,"column":15},"end":{"line":340,"column":36}},"154":{"start":{"line":343,"column":4},"end":{"line":364,"column":6}}},"fnMap":{"0":{"name":"(anonymous_0)","decl":{"start":{"line":137,"column":2},"end":{"line":137,"column":3}},"loc":{"start":{"line":137,"column":21},"end":{"line":160,"column":3}},"line":137},"1":{"name":"(anonymous_1)","decl":{"start":{"line":162,"column":2},"end":{"line":162,"column":3}},"loc":{"start":{"line":162,"column":22},"end":{"line":172,"column":3}},"line":162},"2":{"name":"(anonymous_2)","decl":{"start":{"line":163,"column":40},"end":{"line":163,"column":41}},"loc":{"start":{"line":163,"column":49},"end":{"line":170,"column":5}},"line":163},"3":{"name":"(anonymous_3)","decl":{"start":{"line":165,"column":36},"end":{"line":165,"column":37}},"loc":{"start":{"line":165,"column":45},"end":{"line":165,"column":52}},"line":165},"4":{"name":"(anonymous_4)","decl":{"start":{"line":166,"column":36},"end":{"line":166,"column":37}},"loc":{"start":{"line":166,"column":45},"end":{"line":166,"column":52}},"line":166},"5":{"name":"(anonymous_5)","decl":{"start":{"line":167,"column":36},"end":{"line":167,"column":37}},"loc":{"start":{"line":167,"column":45},"end":{"line":167,"column":52}},"line":167},"6":{"name":"(anonymous_6)","decl":{"start":{"line":168,"column":36},"end":{"line":168,"column":37}},"loc":{"start":{"line":168,"column":45},"end":{"line":168,"column":52}},"line":168},"7":{"name":"(anonymous_7)","decl":{"start":{"line":171,"column":13},"end":{"line":171,"column":14}},"loc":{"start":{"line":171,"column":19},"end":{"line":171,"column":22}},"line":171},"8":{"name":"(anonymous_8)","decl":{"start":{"line":174,"column":2},"end":{"line":174,"column":3}},"loc":{"start":{"line":174,"column":11},"end":{"line":184,"column":3}},"line":174},"9":{"name":"(anonymous_9)","decl":{"start":{"line":186,"column":2},"end":{"line":186,"column":3}},"loc":{"start":{"line":186,"column":15},"end":{"line":196,"column":3}},"line":186},"10":{"name":"(anonymous_10)","decl":{"start":{"line":198,"column":2},"end":{"line":198,"column":3}},"loc":{"start":{"line":198,"column":21},"end":{"line":202,"column":3}},"line":198},"11":{"name":"(anonymous_11)","decl":{"start":{"line":204,"column":2},"end":{"line":204,"column":3}},"loc":{"start":{"line":204,"column":21},"end":{"line":209,"column":3}},"line":204},"12":{"name":"(anonymous_12)","decl":{"start":{"line":211,"column":2},"end":{"line":211,"column":3}},"loc":{"start":{"line":211,"column":19},"end":{"line":214,"column":3}},"line":211},"13":{"name":"(anonymous_13)","decl":{"start":{"line":216,"column":2},"end":{"line":216,"column":3}},"loc":{"start":{"line":216,"column":16},"end":{"line":223,"column":3}},"line":216},"14":{"name":"(anonymous_14)","decl":{"start":{"line":225,"column":2},"end":{"line":225,"column":3}},"loc":{"start":{"line":225,"column":11},"end":{"line":365,"column":3}},"line":225}},"branchMap":{"0":{"loc":{"start":{"line":140,"column":20},"end":{"line":140,"column":87}},"type":"cond-expr","locations":[{"start":{"line":140,"column":40},"end":{"line":140,"column":63}},{"start":{"line":140,"column":66},"end":{"line":140,"column":87}}],"line":140},"1":{"loc":{"start":{"line":144,"column":19},"end":{"line":144,"column":83}},"type":"cond-expr","locations":[{"start":{"line":144,"column":39},"end":{"line":144,"column":60}},{"start":{"line":144,"column":63},"end":{"line":144,"column":83}}],"line":144},"2":{"loc":{"start":{"line":145,"column":20},"end":{"line":145,"column":87}},"type":"cond-expr","locations":[{"start":{"line":145,"column":40},"end":{"line":145,"column":63}},{"start":{"line":145,"column":66},"end":{"line":145,"column":87}}],"line":145},"3":{"loc":{"start":{"line":176,"column":4},"end":{"line":183,"column":5}},"type":"if","locations":[{"start":{"line":176,"column":4},"end":{"line":183,"column":5}},{"start":{"line":176,"column":4},"end":{"line":183,"column":5}}],"line":176},"4":{"loc":{"start":{"line":188,"column":4},"end":{"line":195,"column":5}},"type":"if","locations":[{"start":{"line":188,"column":4},"end":{"line":195,"column":5}},{"start":{"line":188,"column":4},"end":{"line":195,"column":5}}],"line":188},"5":{"loc":{"start":{"line":247,"column":4},"end":{"line":252,"column":5}},"type":"switch","locations":[{"start":{"line":248,"column":6},"end":{"line":248,"column":62}},{"start":{"line":249,"column":6},"end":{"line":249,"column":62}},{"start":{"line":250,"column":6},"end":{"line":250,"column":62}},{"start":{"line":251,"column":6},"end":{"line":251,"column":30}}],"line":247},"6":{"loc":{"start":{"line":254,"column":4},"end":{"line":324,"column":5}},"type":"if","locations":[{"start":{"line":254,"column":4},"end":{"line":324,"column":5}},{"start":{"line":254,"column":4},"end":{"line":324,"column":5}}],"line":254},"7":{"loc":{"start":{"line":254,"column":8},"end":{"line":254,"column":57}},"type":"binary-expr","locations":[{"start":{"line":254,"column":8},"end":{"line":254,"column":19}},{"start":{"line":254,"column":23},"end":{"line":254,"column":57}}],"line":254},"8":{"loc":{"start":{"line":256,"column":8},"end":{"line":259,"column":9}},"type":"if","locations":[{"start":{"line":256,"column":8},"end":{"line":259,"column":9}},{"start":{"line":256,"column":8},"end":{"line":259,"column":9}}],"line":256},"9":{"loc":{"start":{"line":262,"column":8},"end":{"line":272,"column":9}},"type":"if","locations":[{"start":{"line":262,"column":8},"end":{"line":272,"column":9}},{"start":{"line":262,"column":8},"end":{"line":272,"column":9}}],"line":262},"10":{"loc":{"start":{"line":262,"column":12},"end":{"line":262,"column":133}},"type":"binary-expr","locations":[{"start":{"line":262,"column":12},"end":{"line":262,"column":23}},{"start":{"line":262,"column":27},"end":{"line":262,"column":59}},{"start":{"line":262,"column":63},"end":{"line":262,"column":97}},{"start":{"line":262,"column":101},"end":{"line":262,"column":133}}],"line":262},"11":{"loc":{"start":{"line":264,"column":15},"end":{"line":272,"column":9}},"type":"if","locations":[{"start":{"line":264,"column":15},"end":{"line":272,"column":9}},{"start":{"line":264,"column":15},"end":{"line":272,"column":9}}],"line":264},"12":{"loc":{"start":{"line":264,"column":19},"end":{"line":264,"column":108}},"type":"binary-expr","locations":[{"start":{"line":264,"column":19},"end":{"line":264,"column":30}},{"start":{"line":264,"column":34},"end":{"line":264,"column":46}},{"start":{"line":264,"column":51},"end":{"line":264,"column":76}},{"start":{"line":264,"column":81},"end":{"line":264,"column":108}}],"line":264},"13":{"loc":{"start":{"line":266,"column":15},"end":{"line":272,"column":9}},"type":"if","locations":[{"start":{"line":266,"column":15},"end":{"line":272,"column":9}},{"start":{"line":266,"column":15},"end":{"line":272,"column":9}}],"line":266},"14":{"loc":{"start":{"line":266,"column":19},"end":{"line":266,"column":112}},"type":"binary-expr","locations":[{"start":{"line":266,"column":19},"end":{"line":266,"column":35}},{"start":{"line":266,"column":40},"end":{"line":266,"column":65}},{"start":{"line":266,"column":70},"end":{"line":266,"column":112}}],"line":266},"15":{"loc":{"start":{"line":268,"column":15},"end":{"line":272,"column":9}},"type":"if","locations":[{"start":{"line":268,"column":15},"end":{"line":272,"column":9}},{"start":{"line":268,"column":15},"end":{"line":272,"column":9}}],"line":268},"16":{"loc":{"start":{"line":268,"column":19},"end":{"line":268,"column":66}},"type":"binary-expr","locations":[{"start":{"line":268,"column":19},"end":{"line":268,"column":44}},{"start":{"line":268,"column":48},"end":{"line":268,"column":66}}],"line":268},"17":{"loc":{"start":{"line":274,"column":11},"end":{"line":324,"column":5}},"type":"if","locations":[{"start":{"line":274,"column":11},"end":{"line":324,"column":5}},{"start":{"line":274,"column":11},"end":{"line":324,"column":5}}],"line":274},"18":{"loc":{"start":{"line":274,"column":15},"end":{"line":274,"column":64}},"type":"binary-expr","locations":[{"start":{"line":274,"column":15},"end":{"line":274,"column":26}},{"start":{"line":274,"column":30},"end":{"line":274,"column":64}}],"line":274},"19":{"loc":{"start":{"line":278,"column":11},"end":{"line":324,"column":5}},"type":"if","locations":[{"start":{"line":278,"column":11},"end":{"line":324,"column":5}},{"start":{"line":278,"column":11},"end":{"line":324,"column":5}}],"line":278},"20":{"loc":{"start":{"line":279,"column":6},"end":{"line":307,"column":7}},"type":"if","locations":[{"start":{"line":279,"column":6},"end":{"line":307,"column":7}},{"start":{"line":279,"column":6},"end":{"line":307,"column":7}}],"line":279},"21":{"loc":{"start":{"line":281,"column":10},"end":{"line":287,"column":11}},"type":"if","locations":[{"start":{"line":281,"column":10},"end":{"line":287,"column":11}},{"start":{"line":281,"column":10},"end":{"line":287,"column":11}}],"line":281},"22":{"loc":{"start":{"line":281,"column":14},"end":{"line":281,"column":135}},"type":"binary-expr","locations":[{"start":{"line":281,"column":14},"end":{"line":281,"column":25}},{"start":{"line":281,"column":29},"end":{"line":281,"column":61}},{"start":{"line":281,"column":65},"end":{"line":281,"column":99}},{"start":{"line":281,"column":103},"end":{"line":281,"column":135}}],"line":281},"23":{"loc":{"start":{"line":283,"column":17},"end":{"line":287,"column":11}},"type":"if","locations":[{"start":{"line":283,"column":17},"end":{"line":287,"column":11}},{"start":{"line":283,"column":17},"end":{"line":287,"column":11}}],"line":283},"24":{"loc":{"start":{"line":289,"column":13},"end":{"line":307,"column":7}},"type":"if","locations":[{"start":{"line":289,"column":13},"end":{"line":307,"column":7}},{"start":{"line":289,"column":13},"end":{"line":307,"column":7}}],"line":289},"25":{"loc":{"start":{"line":299,"column":10},"end":{"line":305,"column":11}},"type":"if","locations":[{"start":{"line":299,"column":10},"end":{"line":305,"column":11}},{"start":{"line":299,"column":10},"end":{"line":305,"column":11}}],"line":299},"26":{"loc":{"start":{"line":299,"column":14},"end":{"line":299,"column":135}},"type":"binary-expr","locations":[{"start":{"line":299,"column":14},"end":{"line":299,"column":25}},{"start":{"line":299,"column":29},"end":{"line":299,"column":61}},{"start":{"line":299,"column":65},"end":{"line":299,"column":99}},{"start":{"line":299,"column":103},"end":{"line":299,"column":135}}],"line":299},"27":{"loc":{"start":{"line":301,"column":17},"end":{"line":305,"column":11}},"type":"if","locations":[{"start":{"line":301,"column":17},"end":{"line":305,"column":11}},{"start":{"line":301,"column":17},"end":{"line":305,"column":11}}],"line":301},"28":{"loc":{"start":{"line":308,"column":11},"end":{"line":324,"column":5}},"type":"if","locations":[{"start":{"line":308,"column":11},"end":{"line":324,"column":5}},{"start":{"line":308,"column":11},"end":{"line":324,"column":5}}],"line":308},"29":{"loc":{"start":{"line":310,"column":8},"end":{"line":314,"column":9}},"type":"if","locations":[{"start":{"line":310,"column":8},"end":{"line":314,"column":9}},{"start":{"line":310,"column":8},"end":{"line":314,"column":9}}],"line":310},"30":{"loc":{"start":{"line":310,"column":12},"end":{"line":310,"column":133}},"type":"binary-expr","locations":[{"start":{"line":310,"column":12},"end":{"line":310,"column":23}},{"start":{"line":310,"column":27},"end":{"line":310,"column":59}},{"start":{"line":310,"column":63},"end":{"line":310,"column":97}},{"start":{"line":310,"column":101},"end":{"line":310,"column":133}}],"line":310},"31":{"loc":{"start":{"line":318,"column":8},"end":{"line":322,"column":9}},"type":"if","locations":[{"start":{"line":318,"column":8},"end":{"line":322,"column":9}},{"start":{"line":318,"column":8},"end":{"line":322,"column":9}}],"line":318},"32":{"loc":{"start":{"line":318,"column":12},"end":{"line":318,"column":133}},"type":"binary-expr","locations":[{"start":{"line":318,"column":12},"end":{"line":318,"column":23}},{"start":{"line":318,"column":27},"end":{"line":318,"column":59}},{"start":{"line":318,"column":63},"end":{"line":318,"column":97}},{"start":{"line":318,"column":101},"end":{"line":318,"column":133}}],"line":318},"33":{"loc":{"start":{"line":327,"column":4},"end":{"line":341,"column":5}},"type":"switch","locations":[{"start":{"line":328,"column":6},"end":{"line":328,"column":45}},{"start":{"line":329,"column":6},"end":{"line":329,"column":45}},{"start":{"line":330,"column":6},"end":{"line":330,"column":43}},{"start":{"line":331,"column":6},"end":{"line":331,"column":43}},{"start":{"line":332,"column":6},"end":{"line":332,"column":41}},{"start":{"line":333,"column":6},"end":{"line":333,"column":42}},{"start":{"line":334,"column":6},"end":{"line":334,"column":42}},{"start":{"line":335,"column":6},"end":{"line":335,"column":44}},{"start":{"line":336,"column":6},"end":{"line":336,"column":47}},{"start":{"line":337,"column":6},"end":{"line":337,"column":45}},{"start":{"line":338,"column":6},"end":{"line":338,"column":47}},{"start":{"line":339,"column":6},"end":{"line":339,"column":47}},{"start":{"line":340,"column":6},"end":{"line":340,"column":36}}],"line":327}},"s":{"0":1,"1":1,"2":1,"3":1,"4":1,"5":1,"6":1,"7":1,"8":1,"9":1,"10":1,"11":1,"12":1,"13":1,"14":1,"15":1,"16":1,"17":0,"18":0,"19":0,"20":0,"21":0,"22":0,"23":0,"24":0,"25":0,"26":0,"27":0,"28":0,"29":0,"30":0,"31":0,"32":0,"33":0,"34":0,"35":0,"36":0,"37":0,"38":0,"39":0,"40":0,"41":0,"42":0,"43":0,"44":0,"45":0,"46":0,"47":0,"48":0,"49":0,"50":0,"51":0,"52":0,"53":0,"54":0,"55":0,"56":0,"57":0,"58":0,"59":0,"60":0,"61":0,"62":0,"63":0,"64":0,"65":0,"66":0,"67":0,"68":0,"69":0,"70":0,"71":0,"72":0,"73":0,"74":0,"75":0,"76":0,"77":0,"78":0,"79":0,"80":0,"81":0,"82":0,"83":0,"84":0,"85":0,"86":0,"87":0,"88":0,"89":0,"90":0,"91":0,"92":0,"93":0,"94":0,"95":0,"96":0,"97":0,"98":0,"99":0,"100":0,"101":0,"102":0,"103":0,"104":0,"105":0,"106":0,"107":0,"108":0,"109":0,"110":0,"111":0,"112":0,"113":0,"114":0,"115":0,"116":0,"117":0,"118":0,"119":0,"120":0,"121":0,"122":0,"123":0,"124":0,"125":0,"126":0,"127":0,"128":0,"129":0,"130":0,"131":0,"132":0,"133":0,"134":0,"135":0,"136":0,"137":0,"138":0,"139":0,"140":0,"141":0,"142":0,"143":0,"144":0,"145":0,"146":0,"147":0,"148":0,"149":0,"150":0,"151":0,"152":0,"153":0,"154":0},"f":{"0":0,"1":0,"2":0,"3":0,"4":0,"5":0,"6":0,"7":0,"8":0,"9":0,"10":0,"11":0,"12":0,"13":0,"14":0},"b":{"0":[0,0],"1":[0,0],"2":[0,0],"3":[0,0],"4":[0,0],"5":[0,0,0,0],"6":[0,0],"7":[0,0],"8":[0,0],"9":[0,0],"10":[0,0,0,0],"11":[0,0],"12":[0,0,0,0],"13":[0,0],"14":[0,0,0],"15":[0,0],"16":[0,0],"17":[0,0],"18":[0,0],"19":[0,0],"20":[0,0],"21":[0,0],"22":[0,0,0,0],"23":[0,0],"24":[0,0],"25":[0,0],"26":[0,0,0,0],"27":[0,0],"28":[0,0],"29":[0,0],"30":[0,0,0,0],"31":[0,0],"32":[0,0,0,0],"33":[0,0,0,0,0,0,0,0,0,0,0,0,0]},"_coverageSchema":"43e27e138ebf9cfc5966b082cf9a028302ed4184","hash":"bdf3a38e934cb335a1c81072f5450595c2afc59c"}
,"/Users/Jason/hrsf/bookings_module/client/components/checkin.js": {"path":"/Users/Jason/hrsf/bookings_module/client/components/checkin.js","statementMap":{"0":{"start":{"line":8,"column":16},"end":{"line":62,"column":1}},"1":{"start":{"line":12,"column":6},"end":{"line":12,"column":11}},"2":{"start":{"line":14,"column":20},"end":{"line":17,"column":3}},"3":{"start":{"line":19,"column":32},"end":{"line":26,"column":3}},"4":{"start":{"line":28,"column":16},"end":{"line":35,"column":3}},"5":{"start":{"line":37,"column":22},"end":{"line":46,"column":3}},"6":{"start":{"line":48,"column":23},"end":{"line":50,"column":3}},"7":{"start":{"line":52,"column":2},"end":{"line":61,"column":4}}},"fnMap":{"0":{"name":"(anonymous_0)","decl":{"start":{"line":8,"column":16},"end":{"line":8,"column":17}},"loc":{"start":{"line":8,"column":27},"end":{"line":62,"column":1}},"line":8}},"branchMap":{"0":{"loc":{"start":{"line":45,"column":24},"end":{"line":45,"column":64}},"type":"cond-expr","locations":[{"start":{"line":45,"column":34},"end":{"line":45,"column":54}},{"start":{"line":45,"column":57},"end":{"line":45,"column":64}}],"line":45},"1":{"loc":{"start":{"line":49,"column":24},"end":{"line":49,"column":65}},"type":"cond-expr","locations":[{"start":{"line":49,"column":35},"end":{"line":49,"column":55}},{"start":{"line":49,"column":58},"end":{"line":49,"column":65}}],"line":49},"2":{"loc":{"start":{"line":56,"column":48},"end":{"line":56,"column":186}},"type":"cond-expr","locations":[{"start":{"line":56,"column":62},"end":{"line":56,"column":173}},{"start":{"line":56,"column":176},"end":{"line":56,"column":186}}],"line":56},"3":{"loc":{"start":{"line":58,"column":50},"end":{"line":58,"column":193}},"type":"cond-expr","locations":[{"start":{"line":58,"column":65},"end":{"line":58,"column":179}},{"start":{"line":58,"column":182},"end":{"line":58,"column":193}}],"line":58}},"s":{"0":1,"1":0,"2":0,"3":0,"4":0,"5":0,"6":0,"7":0},"f":{"0":0},"b":{"0":[0,0],"1":[0,0],"2":[0,0],"3":[0,0]},"_coverageSchema":"43e27e138ebf9cfc5966b082cf9a028302ed4184","hash":"48b88405a2c9f814344a6722bada62db2576a1d3"}
,"/Users/Jason/hrsf/bookings_module/client/components/fees.js": {"path":"/Users/Jason/hrsf/bookings_module/client/components/fees.js","statementMap":{"0":{"start":{"line":5,"column":18},"end":{"line":12,"column":1}},"1":{"start":{"line":14,"column":20},"end":{"line":17,"column":1}},"2":{"start":{"line":19,"column":25},"end":{"line":21,"column":1}},"3":{"start":{"line":23,"column":21},"end":{"line":25,"column":1}},"4":{"start":{"line":27,"column":13},"end":{"line":80,"column":1}},"5":{"start":{"line":30,"column":6},"end":{"line":30,"column":11}},"6":{"start":{"line":32,"column":2},"end":{"line":78,"column":3}},"7":{"start":{"line":33,"column":4},"end":{"line":77,"column":6}},"8":{"start":{"line":79,"column":2},"end":{"line":79,"column":14}}},"fnMap":{"0":{"name":"(anonymous_0)","decl":{"start":{"line":27,"column":13},"end":{"line":27,"column":14}},"loc":{"start":{"line":27,"column":24},"end":{"line":80,"column":1}},"line":27}},"branchMap":{"0":{"loc":{"start":{"line":32,"column":2},"end":{"line":78,"column":3}},"type":"if","locations":[{"start":{"line":32,"column":2},"end":{"line":78,"column":3}},{"start":{"line":32,"column":2},"end":{"line":78,"column":3}}],"line":32},"1":{"loc":{"start":{"line":32,"column":6},"end":{"line":32,"column":33}},"type":"binary-expr","locations":[{"start":{"line":32,"column":6},"end":{"line":32,"column":17}},{"start":{"line":32,"column":21},"end":{"line":32,"column":33}}],"line":32},"2":{"loc":{"start":{"line":45,"column":13},"end":{"line":45,"column":64}},"type":"cond-expr","locations":[{"start":{"line":45,"column":56},"end":{"line":45,"column":59}},{"start":{"line":45,"column":62},"end":{"line":45,"column":64}}],"line":45}},"s":{"0":1,"1":1,"2":1,"3":1,"4":1,"5":0,"6":0,"7":0,"8":0},"f":{"0":0},"b":{"0":[0,0],"1":[0,0],"2":[0,0]},"_coverageSchema":"43e27e138ebf9cfc5966b082cf9a028302ed4184","hash":"490e1f75477b2416d6ce901db158dd14230635f7"}
,"/Users/Jason/hrsf/bookings_module/client/components/guests.js": {"path":"/Users/Jason/hrsf/bookings_module/client/components/guests.js","statementMap":{"0":{"start":{"line":6,"column":15},"end":{"line":59,"column":1}},"1":{"start":{"line":9,"column":6},"end":{"line":9,"column":11}},"2":{"start":{"line":11,"column":20},"end":{"line":14,"column":3}},"3":{"start":{"line":16,"column":26},"end":{"line":21,"column":3}},"4":{"start":{"line":23,"column":21},"end":{"line":31,"column":3}},"5":{"start":{"line":33,"column":24},"end":{"line":41,"column":3}},"6":{"start":{"line":43,"column":2},"end":{"line":58,"column":4}}},"fnMap":{"0":{"name":"(anonymous_0)","decl":{"start":{"line":6,"column":15},"end":{"line":6,"column":16}},"loc":{"start":{"line":6,"column":26},"end":{"line":59,"column":1}},"line":6}},"branchMap":{"0":{"loc":{"start":{"line":51,"column":11},"end":{"line":51,"column":54}},"type":"cond-expr","locations":[{"start":{"line":51,"column":25},"end":{"line":51,"column":47}},{"start":{"line":51,"column":50},"end":{"line":51,"column":54}}],"line":51}},"s":{"0":1,"1":0,"2":0,"3":0,"4":0,"5":0,"6":0},"f":{"0":0},"b":{"0":[0,0]},"_coverageSchema":"43e27e138ebf9cfc5966b082cf9a028302ed4184","hash":"9e6f62ba724aa45a827ecac09a80cada10317e11"}
,"/Users/Jason/hrsf/bookings_module/client/components/guestsInfo.js": {"path":"/Users/Jason/hrsf/bookings_module/client/components/guestsInfo.js","statementMap":{"0":{"start":{"line":6,"column":19},"end":{"line":205,"column":1}},"1":{"start":{"line":11,"column":6},"end":{"line":11,"column":11}},"2":{"start":{"line":13,"column":16},"end":{"line":19,"column":3}},"3":{"start":{"line":21,"column":21},"end":{"line":25,"column":3}},"4":{"start":{"line":27,"column":21},"end":{"line":33,"column":3}},"5":{"start":{"line":35,"column":26},"end":{"line":39,"column":3}},"6":{"start":{"line":41,"column":28},"end":{"line":47,"column":3}},"7":{"start":{"line":49,"column":28},"end":{"line":68,"column":3}},"8":{"start":{"line":70,"column":38},"end":{"line":74,"column":3}},"9":{"start":{"line":76,"column":41},"end":{"line":80,"column":3}},"10":{"start":{"line":82,"column":38},"end":{"line":86,"column":3}},"11":{"start":{"line":88,"column":39},"end":{"line":92,"column":3}},"12":{"start":{"line":94,"column":34},"end":{"line":98,"column":3}},"13":{"start":{"line":100,"column":25},"end":{"line":102,"column":3}},"14":{"start":{"line":103,"column":28},"end":{"line":105,"column":3}},"15":{"start":{"line":107,"column":23},"end":{"line":113,"column":3}},"16":{"start":{"line":115,"column":30},"end":{"line":119,"column":3}},"17":{"start":{"line":121,"column":24},"end":{"line":125,"column":3}},"18":{"start":{"line":127,"column":22},"end":{"line":138,"column":3}},"19":{"start":{"line":140,"column":2},"end":{"line":204,"column":4}}},"fnMap":{"0":{"name":"(anonymous_0)","decl":{"start":{"line":6,"column":19},"end":{"line":6,"column":20}},"loc":{"start":{"line":6,"column":30},"end":{"line":205,"column":1}},"line":6}},"branchMap":{"0":{"loc":{"start":{"line":71,"column":6},"end":{"line":73,"column":30}},"type":"cond-expr","locations":[{"start":{"line":71,"column":19},"end":{"line":73,"column":25}},{"start":{"line":73,"column":28},"end":{"line":73,"column":30}}],"line":71},"1":{"loc":{"start":{"line":77,"column":6},"end":{"line":79,"column":30}},"type":"cond-expr","locations":[{"start":{"line":77,"column":32},"end":{"line":79,"column":25}},{"start":{"line":79,"column":28},"end":{"line":79,"column":30}}],"line":77},"2":{"loc":{"start":{"line":83,"column":6},"end":{"line":85,"column":30}},"type":"cond-expr","locations":[{"start":{"line":83,"column":21},"end":{"line":85,"column":25}},{"start":{"line":85,"column":28},"end":{"line":85,"column":30}}],"line":83},"3":{"loc":{"start":{"line":89,"column":6},"end":{"line":91,"column":30}},"type":"cond-expr","locations":[{"start":{"line":89,"column":20},"end":{"line":91,"column":25}},{"start":{"line":91,"column":28},"end":{"line":91,"column":30}}],"line":89},"4":{"loc":{"start":{"line":95,"column":6},"end":{"line":97,"column":30}},"type":"cond-expr","locations":[{"start":{"line":95,"column":20},"end":{"line":97,"column":25}},{"start":{"line":97,"column":28},"end":{"line":97,"column":30}}],"line":95}},"s":{"0":1,"1":0,"2":0,"3":0,"4":0,"5":0,"6":0,"7":0,"8":0,"9":0,"10":0,"11":0,"12":0,"13":0,"14":0,"15":0,"16":0,"17":0,"18":0,"19":0},"f":{"0":0},"b":{"0":[0,0],"1":[0,0],"2":[0,0],"3":[0,0],"4":[0,0]},"_coverageSchema":"43e27e138ebf9cfc5966b082cf9a028302ed4184","hash":"3a8da0b0dee4d12d385ef81cbf5551d92cd950f9"}
,"/Users/Jason/hrsf/bookings_module/client/components/priceAndRating.js": {"path":"/Users/Jason/hrsf/bookings_module/client/components/priceAndRating.js","statementMap":{"0":{"start":{"line":6,"column":23},"end":{"line":86,"column":1}},"1":{"start":{"line":7,"column":45},"end":{"line":7,"column":50}},"2":{"start":{"line":8,"column":21},"end":{"line":8,"column":58}},"3":{"start":{"line":10,"column":20},"end":{"line":13,"column":3}},"4":{"start":{"line":15,"column":20},"end":{"line":18,"column":3}},"5":{"start":{"line":20,"column":17},"end":{"line":23,"column":3}},"6":{"start":{"line":25,"column":21},"end":{"line":33,"column":3}},"7":{"start":{"line":35,"column":24},"end":{"line":43,"column":3}},"8":{"start":{"line":45,"column":27},"end":{"line":49,"column":3}},"9":{"start":{"line":51,"column":20},"end":{"line":58,"column":3}},"10":{"start":{"line":61,"column":2},"end":{"line":85,"column":4}}},"fnMap":{"0":{"name":"(anonymous_0)","decl":{"start":{"line":6,"column":23},"end":{"line":6,"column":24}},"loc":{"start":{"line":6,"column":34},"end":{"line":86,"column":1}},"line":6}},"branchMap":{},"s":{"0":1,"1":0,"2":0,"3":0,"4":0,"5":0,"6":0,"7":0,"8":0,"9":0,"10":0},"f":{"0":0},"b":{},"_coverageSchema":"43e27e138ebf9cfc5966b082cf9a028302ed4184","hash":"a02b1fa5a416850cfc09b5b6c1d21cd49bd7661b"}
,"/Users/Jason/hrsf/bookings_module/client/containers/FeesContainer.js": {"path":"/Users/Jason/hrsf/bookings_module/client/containers/FeesContainer.js","statementMap":{"0":{"start":{"line":4,"column":24},"end":{"line":10,"column":2}},"1":{"start":{"line":4,"column":36},"end":{"line":10,"column":1}}},"fnMap":{"0":{"name":"(anonymous_0)","decl":{"start":{"line":4,"column":24},"end":{"line":4,"column":25}},"loc":{"start":{"line":4,"column":36},"end":{"line":10,"column":1}},"line":4}},"branchMap":{},"s":{"0":1,"1":0},"f":{"0":0},"b":{},"_coverageSchema":"43e27e138ebf9cfc5966b082cf9a028302ed4184","hash":"c3103015346c02ab0d3427c565460e56d792e233"}
,"/Users/Jason/hrsf/bookings_module/client/containers/calendarContainer.js": {"path":"/Users/Jason/hrsf/bookings_module/client/containers/calendarContainer.js","statementMap":{"0":{"start":{"line":6,"column":24},"end":{"line":9,"column":2}},"1":{"start":{"line":6,"column":36},"end":{"line":9,"column":1}},"2":{"start":{"line":11,"column":27},"end":{"line":20,"column":2}},"3":{"start":{"line":11,"column":42},"end":{"line":20,"column":1}},"4":{"start":{"line":13,"column":4},"end":{"line":13,"column":63}},"5":{"start":{"line":16,"column":4},"end":{"line":16,"column":64}},"6":{"start":{"line":18,"column":27},"end":{"line":18,"column":76}},"7":{"start":{"line":19,"column":28},"end":{"line":19,"column":78}}},"fnMap":{"0":{"name":"(anonymous_0)","decl":{"start":{"line":6,"column":24},"end":{"line":6,"column":25}},"loc":{"start":{"line":6,"column":36},"end":{"line":9,"column":1}},"line":6},"1":{"name":"(anonymous_1)","decl":{"start":{"line":11,"column":27},"end":{"line":11,"column":28}},"loc":{"start":{"line":11,"column":42},"end":{"line":20,"column":1}},"line":11},"2":{"name":"(anonymous_2)","decl":{"start":{"line":12,"column":18},"end":{"line":12,"column":19}},"loc":{"start":{"line":12,"column":40},"end":{"line":14,"column":3}},"line":12},"3":{"name":"(anonymous_3)","decl":{"start":{"line":15,"column":19},"end":{"line":15,"column":20}},"loc":{"start":{"line":15,"column":41},"end":{"line":17,"column":3}},"line":15},"4":{"name":"(anonymous_4)","decl":{"start":{"line":18,"column":19},"end":{"line":18,"column":20}},"loc":{"start":{"line":18,"column":25},"end":{"line":18,"column":78}},"line":18},"5":{"name":"(anonymous_5)","decl":{"start":{"line":19,"column":20},"end":{"line":19,"column":21}},"loc":{"start":{"line":19,"column":26},"end":{"line":19,"column":80}},"line":19}},"branchMap":{},"s":{"0":1,"1":0,"2":1,"3":0,"4":0,"5":0,"6":0,"7":0},"f":{"0":0,"1":0,"2":0,"3":0,"4":0,"5":0},"b":{},"_coverageSchema":"43e27e138ebf9cfc5966b082cf9a028302ed4184","hash":"a336277a586a1cd8f6fbe89323f6a76ceb2eb3d9"}
,"/Users/Jason/hrsf/bookings_module/client/containers/calendarOutContainer.js": {"path":"/Users/Jason/hrsf/bookings_module/client/containers/calendarOutContainer.js","statementMap":{"0":{"start":{"line":6,"column":24},"end":{"line":10,"column":2}},"1":{"start":{"line":6,"column":36},"end":{"line":10,"column":1}},"2":{"start":{"line":12,"column":27},"end":{"line":27,"column":2}},"3":{"start":{"line":12,"column":42},"end":{"line":27,"column":1}},"4":{"start":{"line":14,"column":4},"end":{"line":14,"column":63}},"5":{"start":{"line":17,"column":4},"end":{"line":17,"column":64}},"6":{"start":{"line":20,"column":4},"end":{"line":20,"column":68}},"7":{"start":{"line":23,"column":4},"end":{"line":23,"column":55}},"8":{"start":{"line":25,"column":27},"end":{"line":25,"column":76}},"9":{"start":{"line":26,"column":28},"end":{"line":26,"column":78}}},"fnMap":{"0":{"name":"(anonymous_0)","decl":{"start":{"line":6,"column":24},"end":{"line":6,"column":25}},"loc":{"start":{"line":6,"column":36},"end":{"line":10,"column":1}},"line":6},"1":{"name":"(anonymous_1)","decl":{"start":{"line":12,"column":27},"end":{"line":12,"column":28}},"loc":{"start":{"line":12,"column":42},"end":{"line":27,"column":1}},"line":12},"2":{"name":"(anonymous_2)","decl":{"start":{"line":13,"column":18},"end":{"line":13,"column":19}},"loc":{"start":{"line":13,"column":40},"end":{"line":15,"column":3}},"line":13},"3":{"name":"(anonymous_3)","decl":{"start":{"line":16,"column":19},"end":{"line":16,"column":20}},"loc":{"start":{"line":16,"column":41},"end":{"line":18,"column":3}},"line":16},"4":{"name":"(anonymous_4)","decl":{"start":{"line":19,"column":23},"end":{"line":19,"column":24}},"loc":{"start":{"line":19,"column":45},"end":{"line":21,"column":3}},"line":19},"5":{"name":"(anonymous_5)","decl":{"start":{"line":22,"column":26},"end":{"line":22,"column":27}},"loc":{"start":{"line":22,"column":32},"end":{"line":24,"column":3}},"line":22},"6":{"name":"(anonymous_6)","decl":{"start":{"line":25,"column":19},"end":{"line":25,"column":20}},"loc":{"start":{"line":25,"column":25},"end":{"line":25,"column":78}},"line":25},"7":{"name":"(anonymous_7)","decl":{"start":{"line":26,"column":20},"end":{"line":26,"column":21}},"loc":{"start":{"line":26,"column":26},"end":{"line":26,"column":80}},"line":26}},"branchMap":{},"s":{"0":1,"1":0,"2":1,"3":0,"4":0,"5":0,"6":0,"7":0,"8":0,"9":0},"f":{"0":0,"1":0,"2":0,"3":0,"4":0,"5":0,"6":0,"7":0},"b":{},"_coverageSchema":"43e27e138ebf9cfc5966b082cf9a028302ed4184","hash":"f4288f96fbb401ef9c6c020dfca4b0172735d98b"}
,"/Users/Jason/hrsf/bookings_module/client/containers/checkInContainer.js": {"path":"/Users/Jason/hrsf/bookings_module/client/containers/checkInContainer.js","statementMap":{"0":{"start":{"line":5,"column":24},"end":{"line":10,"column":2}},"1":{"start":{"line":5,"column":36},"end":{"line":10,"column":1}},"2":{"start":{"line":12,"column":27},"end":{"line":15,"column":2}},"3":{"start":{"line":12,"column":42},"end":{"line":15,"column":1}},"4":{"start":{"line":13,"column":27},"end":{"line":13,"column":76}},"5":{"start":{"line":14,"column":28},"end":{"line":14,"column":78}}},"fnMap":{"0":{"name":"(anonymous_0)","decl":{"start":{"line":5,"column":24},"end":{"line":5,"column":25}},"loc":{"start":{"line":5,"column":36},"end":{"line":10,"column":1}},"line":5},"1":{"name":"(anonymous_1)","decl":{"start":{"line":12,"column":27},"end":{"line":12,"column":28}},"loc":{"start":{"line":12,"column":42},"end":{"line":15,"column":1}},"line":12},"2":{"name":"(anonymous_2)","decl":{"start":{"line":13,"column":19},"end":{"line":13,"column":20}},"loc":{"start":{"line":13,"column":25},"end":{"line":13,"column":78}},"line":13},"3":{"name":"(anonymous_3)","decl":{"start":{"line":14,"column":20},"end":{"line":14,"column":21}},"loc":{"start":{"line":14,"column":26},"end":{"line":14,"column":80}},"line":14}},"branchMap":{},"s":{"0":1,"1":0,"2":1,"3":0,"4":0,"5":0},"f":{"0":0,"1":0,"2":0,"3":0},"b":{},"_coverageSchema":"43e27e138ebf9cfc5966b082cf9a028302ed4184","hash":"c082510951711f50efb1a271f8d3fbc26fbaeea2"}
,"/Users/Jason/hrsf/bookings_module/client/containers/guestsContainer.js": {"path":"/Users/Jason/hrsf/bookings_module/client/containers/guestsContainer.js","statementMap":{"0":{"start":{"line":5,"column":24},"end":{"line":9,"column":2}},"1":{"start":{"line":5,"column":36},"end":{"line":9,"column":1}},"2":{"start":{"line":11,"column":27},"end":{"line":13,"column":2}},"3":{"start":{"line":11,"column":42},"end":{"line":13,"column":1}},"4":{"start":{"line":12,"column":29},"end":{"line":12,"column":78}}},"fnMap":{"0":{"name":"(anonymous_0)","decl":{"start":{"line":5,"column":24},"end":{"line":5,"column":25}},"loc":{"start":{"line":5,"column":36},"end":{"line":9,"column":1}},"line":5},"1":{"name":"(anonymous_1)","decl":{"start":{"line":11,"column":27},"end":{"line":11,"column":28}},"loc":{"start":{"line":11,"column":42},"end":{"line":13,"column":1}},"line":11},"2":{"name":"(anonymous_2)","decl":{"start":{"line":12,"column":21},"end":{"line":12,"column":22}},"loc":{"start":{"line":12,"column":27},"end":{"line":12,"column":80}},"line":12}},"branchMap":{},"s":{"0":1,"1":0,"2":1,"3":0,"4":0},"f":{"0":0,"1":0,"2":0},"b":{},"_coverageSchema":"43e27e138ebf9cfc5966b082cf9a028302ed4184","hash":"bdc85ae844e7f83b757dfe0a452e07839a3c4d0f"}
,"/Users/Jason/hrsf/bookings_module/client/containers/guestsInfoContainer.js": {"path":"/Users/Jason/hrsf/bookings_module/client/containers/guestsInfoContainer.js","statementMap":{"0":{"start":{"line":5,"column":24},"end":{"line":9,"column":2}},"1":{"start":{"line":5,"column":36},"end":{"line":9,"column":1}},"2":{"start":{"line":11,"column":27},"end":{"line":18,"column":2}},"3":{"start":{"line":11,"column":42},"end":{"line":18,"column":1}},"4":{"start":{"line":12,"column":20},"end":{"line":12,"column":59}},"5":{"start":{"line":13,"column":25},"end":{"line":13,"column":69}},"6":{"start":{"line":14,"column":20},"end":{"line":14,"column":59}},"7":{"start":{"line":15,"column":25},"end":{"line":15,"column":69}},"8":{"start":{"line":16,"column":21},"end":{"line":16,"column":61}},"9":{"start":{"line":17,"column":26},"end":{"line":17,"column":71}}},"fnMap":{"0":{"name":"(anonymous_0)","decl":{"start":{"line":5,"column":24},"end":{"line":5,"column":25}},"loc":{"start":{"line":5,"column":36},"end":{"line":9,"column":1}},"line":5},"1":{"name":"(anonymous_1)","decl":{"start":{"line":11,"column":27},"end":{"line":11,"column":28}},"loc":{"start":{"line":11,"column":42},"end":{"line":18,"column":1}},"line":11},"2":{"name":"(anonymous_2)","decl":{"start":{"line":12,"column":12},"end":{"line":12,"column":13}},"loc":{"start":{"line":12,"column":18},"end":{"line":12,"column":61}},"line":12},"3":{"name":"(anonymous_3)","decl":{"start":{"line":13,"column":17},"end":{"line":13,"column":18}},"loc":{"start":{"line":13,"column":23},"end":{"line":13,"column":71}},"line":13},"4":{"name":"(anonymous_4)","decl":{"start":{"line":14,"column":12},"end":{"line":14,"column":13}},"loc":{"start":{"line":14,"column":18},"end":{"line":14,"column":61}},"line":14},"5":{"name":"(anonymous_5)","decl":{"start":{"line":15,"column":17},"end":{"line":15,"column":18}},"loc":{"start":{"line":15,"column":23},"end":{"line":15,"column":71}},"line":15},"6":{"name":"(anonymous_6)","decl":{"start":{"line":16,"column":13},"end":{"line":16,"column":14}},"loc":{"start":{"line":16,"column":19},"end":{"line":16,"column":63}},"line":16},"7":{"name":"(anonymous_7)","decl":{"start":{"line":17,"column":18},"end":{"line":17,"column":19}},"loc":{"start":{"line":17,"column":24},"end":{"line":17,"column":73}},"line":17}},"branchMap":{},"s":{"0":1,"1":0,"2":1,"3":0,"4":0,"5":0,"6":0,"7":0,"8":0,"9":0},"f":{"0":0,"1":0,"2":0,"3":0,"4":0,"5":0,"6":0,"7":0},"b":{},"_coverageSchema":"43e27e138ebf9cfc5966b082cf9a028302ed4184","hash":"c0986a6b5960bc86f8e786f3f01662ac047bd2ca"}
,"/Users/Jason/hrsf/bookings_module/client/containers/priceAndRatingContainer.js": {"path":"/Users/Jason/hrsf/bookings_module/client/containers/priceAndRatingContainer.js","statementMap":{"0":{"start":{"line":4,"column":24},"end":{"line":11,"column":2}},"1":{"start":{"line":4,"column":36},"end":{"line":11,"column":1}}},"fnMap":{"0":{"name":"(anonymous_0)","decl":{"start":{"line":4,"column":24},"end":{"line":4,"column":25}},"loc":{"start":{"line":4,"column":36},"end":{"line":11,"column":1}},"line":4}},"branchMap":{},"s":{"0":1,"1":0},"f":{"0":0},"b":{},"_coverageSchema":"43e27e138ebf9cfc5966b082cf9a028302ed4184","hash":"99e5046dbef3fd61a54815ae3df9933918b10251"}
,"/Users/Jason/hrsf/bookings_module/client/reducers/calendarReducer.js": {"path":"/Users/Jason/hrsf/bookings_module/client/reducers/calendarReducer.js","statementMap":{"0":{"start":{"line":1,"column":21},"end":{"line":5,"column":1}},"1":{"start":{"line":8,"column":2},"end":{"line":43,"column":3}},"2":{"start":{"line":10,"column":6},"end":{"line":17,"column":8}},"3":{"start":{"line":19,"column":6},"end":{"line":26,"column":8}},"4":{"start":{"line":28,"column":6},"end":{"line":35,"column":8}},"5":{"start":{"line":37,"column":6},"end":{"line":40,"column":8}},"6":{"start":{"line":42,"column":6},"end":{"line":42,"column":19}}},"fnMap":{"0":{"name":"(anonymous_0)","decl":{"start":{"line":7,"column":15},"end":{"line":7,"column":16}},"loc":{"start":{"line":7,"column":55},"end":{"line":44,"column":1}},"line":7}},"branchMap":{"0":{"loc":{"start":{"line":7,"column":25},"end":{"line":7,"column":45}},"type":"default-arg","locations":[{"start":{"line":7,"column":33},"end":{"line":7,"column":45}}],"line":7},"1":{"loc":{"start":{"line":8,"column":2},"end":{"line":43,"column":3}},"type":"switch","locations":[{"start":{"line":9,"column":4},"end":{"line":17,"column":8}},{"start":{"line":18,"column":4},"end":{"line":26,"column":8}},{"start":{"line":27,"column":4},"end":{"line":35,"column":8}},{"start":{"line":36,"column":4},"end":{"line":40,"column":8}},{"start":{"line":41,"column":4},"end":{"line":42,"column":19}}],"line":8}},"s":{"0":1,"1":11,"2":4,"3":2,"4":2,"5":2,"6":1},"f":{"0":11},"b":{"0":[6],"1":[4,2,2,2,1]},"_coverageSchema":"43e27e138ebf9cfc5966b082cf9a028302ed4184","hash":"5219f4a4f3729bfeb94e1cc79f9f468a4786ddfc"}
,"/Users/Jason/hrsf/bookings_module/client/reducers/guestsInfoReducer.js": {"path":"/Users/Jason/hrsf/bookings_module/client/reducers/guestsInfoReducer.js","statementMap":{"0":{"start":{"line":1,"column":21},"end":{"line":5,"column":1}},"1":{"start":{"line":7,"column":26},"end":{"line":42,"column":1}},"2":{"start":{"line":8,"column":2},"end":{"line":41,"column":3}},"3":{"start":{"line":10,"column":6},"end":{"line":13,"column":8}},"4":{"start":{"line":15,"column":6},"end":{"line":18,"column":8}},"5":{"start":{"line":20,"column":6},"end":{"line":23,"column":8}},"6":{"start":{"line":25,"column":6},"end":{"line":28,"column":8}},"7":{"start":{"line":30,"column":6},"end":{"line":33,"column":8}},"8":{"start":{"line":35,"column":6},"end":{"line":38,"column":8}},"9":{"start":{"line":40,"column":6},"end":{"line":40,"column":19}}},"fnMap":{"0":{"name":"(anonymous_0)","decl":{"start":{"line":7,"column":26},"end":{"line":7,"column":27}},"loc":{"start":{"line":7,"column":60},"end":{"line":42,"column":1}},"line":7}},"branchMap":{"0":{"loc":{"start":{"line":7,"column":27},"end":{"line":7,"column":47}},"type":"default-arg","locations":[{"start":{"line":7,"column":35},"end":{"line":7,"column":47}}],"line":7},"1":{"loc":{"start":{"line":8,"column":2},"end":{"line":41,"column":3}},"type":"switch","locations":[{"start":{"line":9,"column":4},"end":{"line":13,"column":8}},{"start":{"line":14,"column":4},"end":{"line":18,"column":8}},{"start":{"line":19,"column":4},"end":{"line":23,"column":8}},{"start":{"line":24,"column":4},"end":{"line":28,"column":8}},{"start":{"line":29,"column":4},"end":{"line":33,"column":8}},{"start":{"line":34,"column":4},"end":{"line":38,"column":8}},{"start":{"line":39,"column":4},"end":{"line":40,"column":19}}],"line":8}},"s":{"0":1,"1":1,"2":11,"3":2,"4":2,"5":2,"6":1,"7":2,"8":1,"9":1},"f":{"0":11},"b":{"0":[5],"1":[2,2,2,1,2,1,1]},"_coverageSchema":"43e27e138ebf9cfc5966b082cf9a028302ed4184","hash":"a314d219bfa593f61be8391927fe8f441e56280c"}
,"/Users/Jason/hrsf/bookings_module/client/reducers/popupCalendarReducer.js": {"path":"/Users/Jason/hrsf/bookings_module/client/reducers/popupCalendarReducer.js","statementMap":{"0":{"start":{"line":1,"column":21},"end":{"line":4,"column":1}},"1":{"start":{"line":6,"column":29},"end":{"line":26,"column":1}},"2":{"start":{"line":7,"column":2},"end":{"line":25,"column":3}},"3":{"start":{"line":9,"column":6},"end":{"line":12,"column":8}},"4":{"start":{"line":14,"column":6},"end":{"line":17,"column":8}},"5":{"start":{"line":19,"column":6},"end":{"line":22,"column":8}},"6":{"start":{"line":24,"column":6},"end":{"line":24,"column":19}}},"fnMap":{"0":{"name":"(anonymous_0)","decl":{"start":{"line":6,"column":29},"end":{"line":6,"column":30}},"loc":{"start":{"line":6,"column":63},"end":{"line":26,"column":1}},"line":6}},"branchMap":{"0":{"loc":{"start":{"line":6,"column":30},"end":{"line":6,"column":50}},"type":"default-arg","locations":[{"start":{"line":6,"column":38},"end":{"line":6,"column":50}}],"line":6},"1":{"loc":{"start":{"line":7,"column":2},"end":{"line":25,"column":3}},"type":"switch","locations":[{"start":{"line":8,"column":4},"end":{"line":12,"column":8}},{"start":{"line":13,"column":4},"end":{"line":17,"column":8}},{"start":{"line":18,"column":4},"end":{"line":22,"column":8}},{"start":{"line":23,"column":4},"end":{"line":24,"column":19}}],"line":7}},"s":{"0":1,"1":1,"2":4,"3":1,"4":1,"5":1,"6":1},"f":{"0":4},"b":{"0":[4],"1":[1,1,1,1]},"_coverageSchema":"43e27e138ebf9cfc5966b082cf9a028302ed4184","hash":"d9eed4129bf77a6ff142714dcbca474f9cac689c"}
,"/Users/Jason/hrsf/bookings_module/client/reducers/popupGuestsReducer.js": {"path":"/Users/Jason/hrsf/bookings_module/client/reducers/popupGuestsReducer.js","statementMap":{"0":{"start":{"line":1,"column":27},"end":{"line":10,"column":1}},"1":{"start":{"line":2,"column":2},"end":{"line":9,"column":3}},"2":{"start":{"line":4,"column":6},"end":{"line":4,"column":18}},"3":{"start":{"line":6,"column":6},"end":{"line":6,"column":19}},"4":{"start":{"line":8,"column":6},"end":{"line":8,"column":19}}},"fnMap":{"0":{"name":"(anonymous_0)","decl":{"start":{"line":1,"column":27},"end":{"line":1,"column":28}},"loc":{"start":{"line":1,"column":54},"end":{"line":10,"column":1}},"line":1}},"branchMap":{"0":{"loc":{"start":{"line":1,"column":28},"end":{"line":1,"column":41}},"type":"default-arg","locations":[{"start":{"line":1,"column":36},"end":{"line":1,"column":41}}],"line":1},"1":{"loc":{"start":{"line":2,"column":2},"end":{"line":9,"column":3}},"type":"switch","locations":[{"start":{"line":3,"column":4},"end":{"line":4,"column":18}},{"start":{"line":5,"column":4},"end":{"line":6,"column":19}},{"start":{"line":7,"column":4},"end":{"line":8,"column":19}}],"line":2}},"s":{"0":1,"1":3,"2":1,"3":1,"4":1},"f":{"0":3},"b":{"0":[2],"1":[1,1,1]},"_coverageSchema":"43e27e138ebf9cfc5966b082cf9a028302ed4184","hash":"df58c0ab69bf426bc464298d46972f7b90b1ef5c"}
,"/Users/Jason/hrsf/bookings_module/client/reducers/pricesReducer.js": {"path":"/Users/Jason/hrsf/bookings_module/client/reducers/pricesReducer.js","statementMap":{"0":{"start":{"line":1,"column":21},"end":{"line":8,"column":1}},"1":{"start":{"line":11,"column":2},"end":{"line":25,"column":3}},"2":{"start":{"line":13,"column":6},"end":{"line":13,"column":45}},"3":{"start":{"line":14,"column":6},"end":{"line":22,"column":8}},"4":{"start":{"line":24,"column":6},"end":{"line":24,"column":19}}},"fnMap":{"0":{"name":"(anonymous_0)","decl":{"start":{"line":10,"column":15},"end":{"line":10,"column":16}},"loc":{"start":{"line":10,"column":55},"end":{"line":26,"column":1}},"line":10}},"branchMap":{"0":{"loc":{"start":{"line":10,"column":25},"end":{"line":10,"column":45}},"type":"default-arg","locations":[{"start":{"line":10,"column":33},"end":{"line":10,"column":45}}],"line":10},"1":{"loc":{"start":{"line":11,"column":2},"end":{"line":25,"column":3}},"type":"switch","locations":[{"start":{"line":12,"column":4},"end":{"line":22,"column":8}},{"start":{"line":23,"column":4},"end":{"line":24,"column":19}}],"line":11}},"s":{"0":1,"1":2,"2":1,"3":1,"4":1},"f":{"0":2},"b":{"0":[2],"1":[1,1]},"_coverageSchema":"43e27e138ebf9cfc5966b082cf9a028302ed4184","hash":"2d3fac4b79054a330867df0bae3178bda954fddf"}
,"/Users/Jason/hrsf/bookings_module/client/reducers/reservationsReducer.js": {"path":"/Users/Jason/hrsf/bookings_module/client/reducers/reservationsReducer.js","statementMap":{"0":{"start":{"line":1,"column":21},"end":{"line":3,"column":1}},"1":{"start":{"line":6,"column":2},"end":{"line":14,"column":3}},"2":{"start":{"line":8,"column":6},"end":{"line":11,"column":8}},"3":{"start":{"line":13,"column":6},"end":{"line":13,"column":19}}},"fnMap":{"0":{"name":"(anonymous_0)","decl":{"start":{"line":5,"column":15},"end":{"line":5,"column":16}},"loc":{"start":{"line":5,"column":55},"end":{"line":15,"column":1}},"line":5}},"branchMap":{"0":{"loc":{"start":{"line":5,"column":25},"end":{"line":5,"column":45}},"type":"default-arg","locations":[{"start":{"line":5,"column":33},"end":{"line":5,"column":45}}],"line":5},"1":{"loc":{"start":{"line":6,"column":2},"end":{"line":14,"column":3}},"type":"switch","locations":[{"start":{"line":7,"column":4},"end":{"line":11,"column":8}},{"start":{"line":12,"column":4},"end":{"line":13,"column":19}}],"line":6}},"s":{"0":1,"1":2,"2":1,"3":1},"f":{"0":2},"b":{"0":[2],"1":[1,1]},"_coverageSchema":"43e27e138ebf9cfc5966b082cf9a028302ed4184","hash":"30467b0f454c3df216ff94ff5919aa4c6833a720"}
}
