TN:
SF:/Users/Jason/hrsf/bookings_module/client/actions/calendarActions.js
FN:1,(anonymous_0)
FN:6,(anonymous_1)
FN:11,(anonymous_2)
FN:16,(anonymous_3)
FNF:4
FNH:4
FNDA:1,(anonymous_0)
FNDA:1,(anonymous_1)
FNDA:1,(anonymous_2)
FNDA:1,(anonymous_3)
DA:1,2
DA:6,2
DA:11,2
DA:16,2
LF:4
LH:4
BRF:0
BRH:0
end_of_record
TN:
SF:/Users/Jason/hrsf/bookings_module/client/actions/guestsInfoActions.js
FN:1,(anonymous_0)
FN:5,(anonymous_1)
FN:9,(anonymous_2)
FN:13,(anonymous_3)
FN:17,(anonymous_4)
FN:21,(anonymous_5)
FNF:6
FNH:6
FNDA:1,(anonymous_0)
FNDA:1,(anonymous_1)
FNDA:1,(anonymous_2)
FNDA:1,(anonymous_3)
FNDA:1,(anonymous_4)
FNDA:1,(anonymous_5)
DA:1,2
DA:5,2
DA:9,2
DA:13,2
DA:17,2
DA:21,2
LF:6
LH:6
BRF:0
BRH:0
end_of_record
TN:
SF:/Users/Jason/hrsf/bookings_module/client/actions/popupCalendarActions.js
FN:1,(anonymous_0)
FN:5,(anonymous_1)
FN:9,(anonymous_2)
FNF:3
FNH:3
FNDA:1,(anonymous_0)
FNDA:1,(anonymous_1)
FNDA:1,(anonymous_2)
DA:1,2
DA:5,2
DA:9,2
LF:3
LH:3
BRF:0
BRH:0
end_of_record
TN:
SF:/Users/Jason/hrsf/bookings_module/client/actions/popupGuestsActions.js
FN:1,(anonymous_0)
FN:5,(anonymous_1)
FNF:2
FNH:2
FNDA:1,(anonymous_0)
FNDA:1,(anonymous_1)
DA:1,2
DA:5,2
LF:2
LH:2
BRF:0
BRH:0
end_of_record
TN:
SF:/Users/Jason/hrsf/bookings_module/client/actions/pricesAction.js
FN:3,fetchPrice
FN:4,(anonymous_1)
FN:6,(anonymous_2)
FNF:3
FNH:0
FNDA:0,fetchPrice
FNDA:0,(anonymous_1)
FNDA:0,(anonymous_2)
DA:4,0
DA:5,0
DA:7,0
LF:3
LH:0
BRF:0
BRH:0
end_of_record
TN:
SF:/Users/Jason/hrsf/bookings_module/client/components/app.js
FN:71,(anonymous_0)
FN:79,(anonymous_1)
FN:86,(anonymous_2)
FN:90,(anonymous_3)
FN:94,(anonymous_4)
FN:101,(anonymous_5)
FN:108,(anonymous_6)
FN:145,(anonymous_7)
FN:154,(anonymous_8)
FN:155,(anonymous_9)
FN:156,(anonymous_10)
FN:157,(anonymous_11)
FNF:12
FNH:0
FNDA:0,(anonymous_0)
FNDA:0,(anonymous_1)
FNDA:0,(anonymous_2)
FNDA:0,(anonymous_3)
FNDA:0,(anonymous_4)
FNDA:0,(anonymous_5)
FNDA:0,(anonymous_6)
FNDA:0,(anonymous_7)
FNDA:0,(anonymous_8)
FNDA:0,(anonymous_9)
FNDA:0,(anonymous_10)
FNDA:0,(anonymous_11)
DA:18,1
DA:25,1
DA:31,1
DA:57,1
DA:64,1
DA:72,0
DA:73,0
DA:74,0
DA:75,0
DA:76,0
DA:80,0
DA:81,0
DA:82,0
DA:83,0
DA:87,0
DA:91,0
DA:95,0
DA:96,0
DA:97,0
DA:102,0
DA:103,0
DA:104,0
DA:109,0
DA:110,0
DA:140,1
DA:145,1
DA:146,0
DA:147,0
DA:154,1
DA:155,0
DA:156,0
DA:157,0
LF:32
LH:8
BRDA:96,0,0,0
BRDA:96,0,1,0
BRDA:96,1,0,0
BRDA:96,1,1,0
BRDA:103,2,0,0
BRDA:103,2,1,0
BRDA:103,3,0,0
BRDA:103,3,1,0
BRDA:117,4,0,0
BRDA:117,4,1,0
BRDA:118,5,0,0
BRDA:118,5,1,0
BRDA:122,6,0,0
BRDA:122,6,1,0
BRF:14
BRH:0
end_of_record
TN:
SF:/Users/Jason/hrsf/bookings_module/client/components/calendar.js
FN:125,(anonymous_0)
FN:148,(anonymous_1)
FN:149,(anonymous_2)
FN:157,(anonymous_3)
FN:160,(anonymous_4)
FN:172,(anonymous_5)
FN:184,(anonymous_6)
FN:191,(anonymous_7)
FN:200,(anonymous_8)
FNF:9
FNH:0
FNDA:0,(anonymous_0)
FNDA:0,(anonymous_1)
FNDA:0,(anonymous_2)
FNDA:0,(anonymous_3)
FNDA:0,(anonymous_4)
FNDA:0,(anonymous_5)
FNDA:0,(anonymous_6)
FNDA:0,(anonymous_7)
FNDA:0,(anonymous_8)
DA:7,1
DA:15,1
DA:21,1
DA:27,1
DA:33,1
DA:51,1
DA:58,1
DA:63,1
DA:73,1
DA:79,1
DA:88,1
DA:100,1
DA:105,1
DA:111,1
DA:116,1
DA:126,0
DA:127,0
DA:131,0
DA:142,0
DA:143,0
DA:144,0
DA:145,0
DA:149,0
DA:150,0
DA:161,0
DA:162,0
DA:163,0
DA:164,0
DA:165,0
DA:167,0
DA:168,0
DA:173,0
DA:174,0
DA:175,0
DA:176,0
DA:177,0
DA:179,0
DA:180,0
DA:185,0
DA:186,0
DA:187,0
DA:188,0
DA:192,0
DA:204,0
DA:206,0
DA:208,0
DA:209,0
DA:213,0
DA:214,0
DA:216,0
DA:217,0
DA:220,0
DA:221,0
DA:222,0
DA:223,0
DA:224,0
DA:227,0
DA:228,0
DA:229,0
DA:230,0
DA:231,0
DA:232,0
DA:233,0
DA:235,0
DA:238,0
DA:239,0
DA:240,0
DA:243,0
DA:244,0
DA:245,0
DA:247,0
DA:248,0
DA:249,0
DA:250,0
DA:251,0
DA:253,0
DA:257,0
DA:258,0
DA:259,0
DA:260,0
DA:262,0
DA:266,0
DA:267,0
DA:268,0
DA:270,0
DA:275,0
DA:276,0
DA:277,0
DA:278,0
DA:279,0
DA:280,0
DA:281,0
DA:282,0
DA:283,0
DA:284,0
DA:285,0
DA:286,0
DA:287,0
DA:288,0
DA:290,0
LF:100
LH:15
BRDA:162,0,0,0
BRDA:162,0,1,0
BRDA:174,1,0,0
BRDA:174,1,1,0
BRDA:220,2,0,0
BRDA:220,2,1,0
BRDA:220,2,2,0
BRDA:220,2,3,0
BRDA:227,3,0,0
BRDA:227,3,1,0
BRDA:228,4,0,0
BRDA:228,4,1,0
BRDA:230,5,0,0
BRDA:230,5,1,0
BRDA:230,6,0,0
BRDA:230,6,1,0
BRDA:230,6,2,0
BRDA:230,6,3,0
BRDA:232,7,0,0
BRDA:232,7,1,0
BRDA:238,8,0,0
BRDA:238,8,1,0
BRDA:248,9,0,0
BRDA:248,9,1,0
BRDA:248,10,0,0
BRDA:248,10,1,0
BRDA:248,10,2,0
BRDA:248,10,3,0
BRDA:250,11,0,0
BRDA:250,11,1,0
BRDA:257,12,0,0
BRDA:257,12,1,0
BRDA:259,13,0,0
BRDA:259,13,1,0
BRDA:259,14,0,0
BRDA:259,14,1,0
BRDA:259,14,2,0
BRDA:259,14,3,0
BRDA:267,15,0,0
BRDA:267,15,1,0
BRDA:267,16,0,0
BRDA:267,16,1,0
BRDA:267,16,2,0
BRDA:267,16,3,0
BRDA:275,17,0,0
BRDA:275,17,1,0
BRDA:275,17,2,0
BRDA:275,17,3,0
BRDA:275,17,4,0
BRDA:275,17,5,0
BRDA:275,17,6,0
BRDA:275,17,7,0
BRDA:275,17,8,0
BRDA:275,17,9,0
BRDA:275,17,10,0
BRDA:275,17,11,0
BRDA:275,17,12,0
BRF:57
BRH:0
end_of_record
TN:
SF:/Users/Jason/hrsf/bookings_module/client/components/calendarOut.js
FN:137,(anonymous_0)
FN:162,(anonymous_1)
FN:163,(anonymous_2)
FN:165,(anonymous_3)
FN:166,(anonymous_4)
FN:167,(anonymous_5)
FN:168,(anonymous_6)
FN:171,(anonymous_7)
FN:174,(anonymous_8)
FN:186,(anonymous_9)
FN:198,(anonymous_10)
FN:204,(anonymous_11)
FN:211,(anonymous_12)
FN:216,(anonymous_13)
FN:225,(anonymous_14)
FNF:15
FNH:0
FNDA:0,(anonymous_0)
FNDA:0,(anonymous_1)
FNDA:0,(anonymous_2)
FNDA:0,(anonymous_3)
FNDA:0,(anonymous_4)
FNDA:0,(anonymous_5)
FNDA:0,(anonymous_6)
FNDA:0,(anonymous_7)
FNDA:0,(anonymous_8)
FNDA:0,(anonymous_9)
FNDA:0,(anonymous_10)
FNDA:0,(anonymous_11)
FNDA:0,(anonymous_12)
FNDA:0,(anonymous_13)
FNDA:0,(anonymous_14)
DA:7,1
DA:15,1
DA:21,1
DA:27,1
DA:33,1
DA:51,1
DA:58,1
DA:63,1
DA:73,1
DA:79,1
DA:88,1
DA:100,1
DA:105,1
DA:111,1
DA:118,1
DA:123,1
DA:128,1
DA:138,0
DA:139,0
DA:143,0
DA:154,0
DA:155,0
DA:156,0
DA:157,0
DA:158,0
DA:159,0
DA:163,0
DA:164,0
DA:165,0
DA:166,0
DA:167,0
DA:168,0
DA:175,0
DA:176,0
DA:177,0
DA:178,0
DA:179,0
DA:181,0
DA:182,0
DA:187,0
DA:188,0
DA:189,0
DA:190,0
DA:191,0
DA:193,0
DA:194,0
DA:199,0
DA:200,0
DA:201,0
DA:205,0
DA:206,0
DA:207,0
DA:208,0
DA:212,0
DA:213,0
DA:217,0
DA:229,0
DA:231,0
DA:233,0
DA:234,0
DA:240,0
DA:241,0
DA:243,0
DA:244,0
DA:247,0
DA:248,0
DA:249,0
DA:250,0
DA:251,0
DA:254,0
DA:255,0
DA:256,0
DA:257,0
DA:258,0
DA:261,0
DA:262,0
DA:263,0
DA:264,0
DA:265,0
DA:266,0
DA:267,0
DA:268,0
DA:269,0
DA:271,0
DA:274,0
DA:275,0
DA:276,0
DA:278,0
DA:279,0
DA:280,0
DA:281,0
DA:282,0
DA:283,0
DA:284,0
DA:286,0
DA:289,0
DA:290,0
DA:291,0
DA:294,0
DA:295,0
DA:296,0
DA:298,0
DA:299,0
DA:300,0
DA:301,0
DA:302,0
DA:304,0
DA:308,0
DA:309,0
DA:310,0
DA:311,0
DA:313,0
DA:317,0
DA:318,0
DA:319,0
DA:321,0
DA:327,0
DA:328,0
DA:329,0
DA:330,0
DA:331,0
DA:332,0
DA:333,0
DA:334,0
DA:335,0
DA:336,0
DA:337,0
DA:338,0
DA:339,0
DA:340,0
DA:343,0
LF:131
LH:17
BRDA:140,0,0,0
BRDA:140,0,1,0
BRDA:144,1,0,0
BRDA:144,1,1,0
BRDA:145,2,0,0
BRDA:145,2,1,0
BRDA:176,3,0,0
BRDA:176,3,1,0
BRDA:188,4,0,0
BRDA:188,4,1,0
BRDA:247,5,0,0
BRDA:247,5,1,0
BRDA:247,5,2,0
BRDA:247,5,3,0
BRDA:254,6,0,0
BRDA:254,6,1,0
BRDA:254,7,0,0
BRDA:254,7,1,0
BRDA:256,8,0,0
BRDA:256,8,1,0
BRDA:262,9,0,0
BRDA:262,9,1,0
BRDA:262,10,0,0
BRDA:262,10,1,0
BRDA:262,10,2,0
BRDA:262,10,3,0
BRDA:264,11,0,0
BRDA:264,11,1,0
BRDA:264,12,0,0
BRDA:264,12,1,0
BRDA:264,12,2,0
BRDA:264,12,3,0
BRDA:266,13,0,0
BRDA:266,13,1,0
BRDA:266,14,0,0
BRDA:266,14,1,0
BRDA:266,14,2,0
BRDA:268,15,0,0
BRDA:268,15,1,0
BRDA:268,16,0,0
BRDA:268,16,1,0
BRDA:274,17,0,0
BRDA:274,17,1,0
BRDA:274,18,0,0
BRDA:274,18,1,0
BRDA:278,19,0,0
BRDA:278,19,1,0
BRDA:279,20,0,0
BRDA:279,20,1,0
BRDA:281,21,0,0
BRDA:281,21,1,0
BRDA:281,22,0,0
BRDA:281,22,1,0
BRDA:281,22,2,0
BRDA:281,22,3,0
BRDA:283,23,0,0
BRDA:283,23,1,0
BRDA:289,24,0,0
BRDA:289,24,1,0
BRDA:299,25,0,0
BRDA:299,25,1,0
BRDA:299,26,0,0
BRDA:299,26,1,0
BRDA:299,26,2,0
BRDA:299,26,3,0
BRDA:301,27,0,0
BRDA:301,27,1,0
BRDA:308,28,0,0
BRDA:308,28,1,0
BRDA:310,29,0,0
BRDA:310,29,1,0
BRDA:310,30,0,0
BRDA:310,30,1,0
BRDA:310,30,2,0
BRDA:310,30,3,0
BRDA:318,31,0,0
BRDA:318,31,1,0
BRDA:318,32,0,0
BRDA:318,32,1,0
BRDA:318,32,2,0
BRDA:318,32,3,0
BRDA:327,33,0,0
BRDA:327,33,1,0
BRDA:327,33,2,0
BRDA:327,33,3,0
BRDA:327,33,4,0
BRDA:327,33,5,0
BRDA:327,33,6,0
BRDA:327,33,7,0
BRDA:327,33,8,0
BRDA:327,33,9,0
BRDA:327,33,10,0
BRDA:327,33,11,0
BRDA:327,33,12,0
BRF:94
BRH:0
end_of_record
TN:
SF:/Users/Jason/hrsf/bookings_module/client/components/checkin.js
FN:8,(anonymous_0)
FNF:1
FNH:0
FNDA:0,(anonymous_0)
DA:8,1
DA:12,0
DA:14,0
DA:19,0
DA:28,0
DA:37,0
DA:48,0
DA:52,0
LF:8
LH:1
BRDA:45,0,0,0
BRDA:45,0,1,0
BRDA:49,1,0,0
BRDA:49,1,1,0
BRDA:56,2,0,0
BRDA:56,2,1,0
BRDA:58,3,0,0
BRDA:58,3,1,0
BRF:8
BRH:0
end_of_record
TN:
SF:/Users/Jason/hrsf/bookings_module/client/components/fees.js
FN:27,(anonymous_0)
FNF:1
FNH:0
FNDA:0,(anonymous_0)
DA:5,1
DA:14,1
DA:19,1
DA:23,1
DA:27,1
DA:30,0
DA:32,0
DA:33,0
DA:79,0
LF:9
LH:5
BRDA:32,0,0,0
BRDA:32,0,1,0
BRDA:32,1,0,0
BRDA:32,1,1,0
BRDA:45,2,0,0
BRDA:45,2,1,0
BRF:6
BRH:0
end_of_record
TN:
SF:/Users/Jason/hrsf/bookings_module/client/components/guests.js
FN:6,(anonymous_0)
FNF:1
FNH:0
FNDA:0,(anonymous_0)
DA:6,1
DA:9,0
DA:11,0
DA:16,0
DA:23,0
DA:33,0
DA:43,0
LF:7
LH:1
BRDA:51,0,0,0
BRDA:51,0,1,0
BRF:2
BRH:0
end_of_record
TN:
SF:/Users/Jason/hrsf/bookings_module/client/components/guestsInfo.js
FN:6,(anonymous_0)
FNF:1
FNH:0
FNDA:0,(anonymous_0)
DA:6,1
DA:11,0
DA:13,0
DA:21,0
DA:27,0
DA:35,0
DA:41,0
DA:49,0
DA:70,0
DA:76,0
DA:82,0
DA:88,0
DA:94,0
DA:100,0
DA:103,0
DA:107,0
DA:115,0
DA:121,0
DA:127,0
DA:140,0
LF:20
LH:1
BRDA:71,0,0,0
BRDA:71,0,1,0
BRDA:77,1,0,0
BRDA:77,1,1,0
BRDA:83,2,0,0
BRDA:83,2,1,0
BRDA:89,3,0,0
BRDA:89,3,1,0
BRDA:95,4,0,0
BRDA:95,4,1,0
BRF:10
BRH:0
end_of_record
TN:
SF:/Users/Jason/hrsf/bookings_module/client/components/priceAndRating.js
FN:6,(anonymous_0)
FNF:1
FNH:0
FNDA:0,(anonymous_0)
DA:6,1
DA:7,0
DA:8,0
DA:10,0
DA:15,0
DA:20,0
DA:25,0
DA:35,0
DA:45,0
DA:51,0
DA:61,0
LF:11
LH:1
BRF:0
BRH:0
end_of_record
TN:
SF:/Users/Jason/hrsf/bookings_module/client/containers/FeesContainer.js
FN:4,(anonymous_0)
FNF:1
FNH:0
FNDA:0,(anonymous_0)
DA:4,1
LF:1
LH:1
BRF:0
BRH:0
end_of_record
TN:
SF:/Users/Jason/hrsf/bookings_module/client/containers/calendarContainer.js
FN:6,(anonymous_0)
FN:11,(anonymous_1)
FN:12,(anonymous_2)
FN:15,(anonymous_3)
FN:18,(anonymous_4)
FN:19,(anonymous_5)
FNF:6
FNH:0
FNDA:0,(anonymous_0)
FNDA:0,(anonymous_1)
FNDA:0,(anonymous_2)
FNDA:0,(anonymous_3)
FNDA:0,(anonymous_4)
FNDA:0,(anonymous_5)
DA:6,1
DA:11,1
DA:13,0
DA:16,0
DA:18,0
DA:19,0
LF:6
LH:2
BRF:0
BRH:0
end_of_record
TN:
SF:/Users/Jason/hrsf/bookings_module/client/containers/calendarOutContainer.js
FN:6,(anonymous_0)
FN:12,(anonymous_1)
FN:13,(anonymous_2)
FN:16,(anonymous_3)
FN:19,(anonymous_4)
FN:22,(anonymous_5)
FN:25,(anonymous_6)
FN:26,(anonymous_7)
FNF:8
FNH:0
FNDA:0,(anonymous_0)
FNDA:0,(anonymous_1)
FNDA:0,(anonymous_2)
FNDA:0,(anonymous_3)
FNDA:0,(anonymous_4)
FNDA:0,(anonymous_5)
FNDA:0,(anonymous_6)
FNDA:0,(anonymous_7)
DA:6,1
DA:12,1
DA:14,0
DA:17,0
DA:20,0
DA:23,0
DA:25,0
DA:26,0
LF:8
LH:2
BRF:0
BRH:0
end_of_record
TN:
SF:/Users/Jason/hrsf/bookings_module/client/containers/checkInContainer.js
FN:5,(anonymous_0)
FN:12,(anonymous_1)
FN:13,(anonymous_2)
FN:14,(anonymous_3)
FNF:4
FNH:0
FNDA:0,(anonymous_0)
FNDA:0,(anonymous_1)
FNDA:0,(anonymous_2)
FNDA:0,(anonymous_3)
DA:5,1
DA:12,1
DA:13,0
DA:14,0
LF:4
LH:2
BRF:0
BRH:0
end_of_record
TN:
SF:/Users/Jason/hrsf/bookings_module/client/containers/guestsContainer.js
FN:5,(anonymous_0)
FN:11,(anonymous_1)
FN:12,(anonymous_2)
FNF:3
FNH:0
FNDA:0,(anonymous_0)
FNDA:0,(anonymous_1)
FNDA:0,(anonymous_2)
DA:5,1
DA:11,1
DA:12,0
LF:3
LH:2
BRF:0
BRH:0
end_of_record
TN:
SF:/Users/Jason/hrsf/bookings_module/client/containers/guestsInfoContainer.js
FN:5,(anonymous_0)
FN:11,(anonymous_1)
FN:12,(anonymous_2)
FN:13,(anonymous_3)
FN:14,(anonymous_4)
FN:15,(anonymous_5)
FN:16,(anonymous_6)
FN:17,(anonymous_7)
FNF:8
FNH:0
FNDA:0,(anonymous_0)
FNDA:0,(anonymous_1)
FNDA:0,(anonymous_2)
FNDA:0,(anonymous_3)
FNDA:0,(anonymous_4)
FNDA:0,(anonymous_5)
FNDA:0,(anonymous_6)
FNDA:0,(anonymous_7)
DA:5,1
DA:11,1
DA:12,0
DA:13,0
DA:14,0
DA:15,0
DA:16,0
DA:17,0
LF:8
LH:2
BRF:0
BRH:0
end_of_record
TN:
SF:/Users/Jason/hrsf/bookings_module/client/containers/priceAndRatingContainer.js
FN:4,(anonymous_0)
FNF:1
FNH:0
FNDA:0,(anonymous_0)
DA:4,1
LF:1
LH:1
BRF:0
BRH:0
end_of_record
TN:
SF:/Users/Jason/hrsf/bookings_module/client/reducers/calendarReducer.js
FN:7,(anonymous_0)
FNF:1
FNH:1
FNDA:11,(anonymous_0)
DA:1,1
DA:8,11
DA:10,4
DA:19,2
DA:28,2
DA:37,2
DA:42,1
LF:7
LH:7
BRDA:7,0,0,6
BRDA:8,1,0,4
BRDA:8,1,1,2
BRDA:8,1,2,2
BRDA:8,1,3,2
BRDA:8,1,4,1
BRF:6
BRH:6
end_of_record
TN:
SF:/Users/Jason/hrsf/bookings_module/client/reducers/guestsInfoReducer.js
FN:7,(anonymous_0)
FNF:1
FNH:1
FNDA:11,(anonymous_0)
DA:1,1
DA:7,1
DA:8,11
DA:10,2
DA:15,2
DA:20,2
DA:25,1
DA:30,2
DA:35,1
DA:40,1
LF:10
LH:10
BRDA:7,0,0,5
BRDA:8,1,0,2
BRDA:8,1,1,2
BRDA:8,1,2,2
BRDA:8,1,3,1
BRDA:8,1,4,2
BRDA:8,1,5,1
BRDA:8,1,6,1
BRF:8
BRH:8
end_of_record
TN:
SF:/Users/Jason/hrsf/bookings_module/client/reducers/popupCalendarReducer.js
FN:6,(anonymous_0)
FNF:1
FNH:1
FNDA:4,(anonymous_0)
DA:1,1
DA:6,1
DA:7,4
DA:9,1
DA:14,1
DA:19,1
DA:24,1
LF:7
LH:7
BRDA:6,0,0,4
BRDA:7,1,0,1
BRDA:7,1,1,1
BRDA:7,1,2,1
BRDA:7,1,3,1
BRF:5
BRH:5
end_of_record
TN:
SF:/Users/Jason/hrsf/bookings_module/client/reducers/popupGuestsReducer.js
FN:1,(anonymous_0)
FNF:1
FNH:1
FNDA:3,(anonymous_0)
DA:1,1
DA:2,3
DA:4,1
DA:6,1
DA:8,1
LF:5
LH:5
BRDA:1,0,0,2
BRDA:2,1,0,1
BRDA:2,1,1,1
BRDA:2,1,2,1
BRF:4
BRH:4
end_of_record
TN:
SF:/Users/Jason/hrsf/bookings_module/client/reducers/pricesReducer.js
FN:10,(anonymous_0)
FNF:1
FNH:1
FNDA:2,(anonymous_0)
DA:1,1
DA:11,2
DA:13,1
DA:14,1
DA:24,1
LF:5
LH:5
BRDA:10,0,0,2
BRDA:11,1,0,1
BRDA:11,1,1,1
BRF:3
BRH:3
end_of_record
TN:
SF:/Users/Jason/hrsf/bookings_module/client/reducers/reservationsReducer.js
FN:5,(anonymous_0)
FNF:1
FNH:1
FNDA:2,(anonymous_0)
DA:1,1
DA:6,2
DA:8,1
DA:13,1
LF:4
LH:4
BRDA:5,0,0,2
BRDA:6,1,0,1
BRDA:6,1,1,1
BRF:3
BRH:3
end_of_record
